[2025-07-03T12:45:01.180Z] [INFO] [process-manager] Starting Next.js App...
[2025-07-03T12:45:01.182Z] [DEBUG] [process-manager] Port 3000 is available for Next.js App
[2025-07-03T12:45:01.190Z] [DEBUG] [process-manager] Next.js App health check attempt 1: not ready
[2025-07-03T12:45:06.078Z] [INFO] [process-manager] Next.js App started successfully (PID: 93262)
[2025-07-03T12:46:36.588Z] [INFO] [process-manager] Stopping Next.js App...
[2025-07-03T12:46:36.589Z] [INFO] [process-manager] Stopping Next.js App...
[2025-07-03T12:46:36.590Z] [INFO] [process-manager] Stopping Next.js App...
[2025-07-03T12:46:36.590Z] [INFO] [process-manager] Stopping Next.js App...
[2025-07-03T12:46:36.590Z] [INFO] [process-manager] Stopping Next.js App...
[2025-07-03T12:46:36.590Z] [INFO] [process-manager] Stopping Next.js App...
[2025-07-03T12:46:36.590Z] [INFO] [process-manager] Stopping Next.js App...
[2025-07-03T12:46:36.591Z] [INFO] [process-manager] Stopping Next.js App...
[2025-07-03T12:46:36.591Z] [INFO] [process-manager] Stopping Next.js App...
[2025-07-03T12:46:36.592Z] [INFO] [process-manager] Stopping Next.js App...
[2025-07-03T12:46:36.592Z] [INFO] [process-manager] Stopping Next.js App...
[2025-07-03T12:46:36.592Z] [INFO] [process-manager] Stopping Next.js App...
[2025-07-03T12:46:36.593Z] [INFO] [process-manager] Stopping Next.js App...
[2025-07-03T12:46:36.593Z] [INFO] [process-manager] Stopping Next.js App...
[2025-07-03T12:46:36.594Z] [INFO] [process-manager] Stopping Next.js App...
[2025-07-03T12:46:36.594Z] [INFO] [process-manager] Stopping Next.js App...
[2025-07-03T12:46:36.594Z] [INFO] [process-manager] Stopping Next.js App...
[2025-07-03T12:46:36.594Z] [INFO] [process-manager] Stopping Next.js App...
[2025-07-03T12:46:36.594Z] [INFO] [process-manager] Stopping Next.js App...
[2025-07-03T12:46:36.594Z] [INFO] [process-manager] Stopping Next.js App...
[2025-07-03T12:46:36.594Z] [INFO] [process-manager] Stopping Next.js App...
[2025-07-03T12:46:36.594Z] [INFO] [process-manager] Stopping Next.js App...
[2025-07-03T12:46:36.595Z] [INFO] [process-manager] Stopping Next.js App...
[2025-07-03T12:46:36.595Z] [INFO] [process-manager] Stopping Next.js App...
[2025-07-03T12:46:36.595Z] [INFO] [process-manager] Stopping Next.js App...
[2025-07-03T12:46:36.595Z] [INFO] [process-manager] Stopping Next.js App...
[2025-07-03T12:46:36.595Z] [INFO] [process-manager] Stopping Next.js App...
[2025-07-03T12:46:36.595Z] [WARN] [process-manager] Next.js App exited with code null (signal: SIGTERM)
[2025-07-03T12:54:10.553Z] [INFO] [process-manager] Starting Storybook...
[2025-07-03T12:54:10.680Z] [WARN] [process-manager] Storybook exited with code 0 (signal: null)
[2025-07-03T12:54:54.590Z] [ERROR] [process-manager] Failed to start Storybook: Max health check attempts reached
[2025-07-03T12:54:54.591Z] [INFO] [process-manager] Storybook is not running
[2025-07-03T12:54:54.592Z] [INFO] [process-manager] Starting Sanity Studio...
[2025-07-03T12:54:56.668Z] [INFO] [process-manager] Sanity Studio started successfully (PID: 30988)
[2025-07-03T12:54:56.668Z] [INFO] [process-manager] Starting Next.js App...
[2025-07-03T12:55:02.088Z] [INFO] [process-manager] Next.js App started successfully (PID: 31092)
[2025-07-03T12:56:00.029Z] [INFO] [process-manager] Starting Next.js App...
[2025-07-03T12:56:00.031Z] [WARN] [process-manager] Port 3000 is in use, attempting to free it for Next.js App
[2025-07-03T12:56:00.066Z] [INFO] [process-manager] Killing process 31114 on port 3000
[2025-07-03T12:56:01.068Z] [INFO] [process-manager] Port 3000 is now available for Next.js App
[2025-07-03T12:56:06.055Z] [INFO] [process-manager] Next.js App started successfully (PID: 33469)
[2025-07-03T12:57:36.537Z] [INFO] [process-manager] Starting Storybook...
[2025-07-03T12:57:38.234Z] [WARN] [process-manager] Storybook exited with code 0 (signal: null)
[2025-07-03T12:57:58.680Z] [INFO] [process-manager] Received SIGINT, shutting down...
[2025-07-03T12:57:58.680Z] [INFO] [process-manager] Received SIGINT, shutting down...
[2025-07-03T12:58:36.531Z] [INFO] [process-manager] Stopping Next.js App...
[2025-07-03T12:58:36.532Z] [INFO] [process-manager] Stopping Next.js App...
[2025-07-03T12:58:36.532Z] [INFO] [process-manager] Stopping Next.js App...
[2025-07-03T12:58:36.532Z] [INFO] [process-manager] Stopping Next.js App...
[2025-07-03T12:58:36.532Z] [INFO] [process-manager] Stopping Next.js App...
[2025-07-03T12:58:36.532Z] [INFO] [process-manager] Stopping Next.js App...
[2025-07-03T12:58:36.533Z] [INFO] [process-manager] Stopping Next.js App...
[2025-07-03T12:58:36.533Z] [INFO] [process-manager] Stopping Next.js App...
[2025-07-03T12:58:36.533Z] [INFO] [process-manager] Stopping Next.js App...
[2025-07-03T12:58:36.533Z] [INFO] [process-manager] Stopping Next.js App...
[2025-07-03T12:58:36.533Z] [INFO] [process-manager] Stopping Next.js App...
[2025-07-03T12:58:36.533Z] [INFO] [process-manager] Stopping Next.js App...
[2025-07-03T12:58:36.533Z] [INFO] [process-manager] Stopping Next.js App...
[2025-07-03T12:58:36.534Z] [INFO] [process-manager] Stopping Next.js App...
[2025-07-03T12:58:36.534Z] [INFO] [process-manager] Stopping Next.js App...
[2025-07-03T12:58:36.534Z] [INFO] [process-manager] Stopping Next.js App...
[2025-07-03T12:58:36.534Z] [INFO] [process-manager] Stopping Next.js App...
[2025-07-03T12:58:36.534Z] [INFO] [process-manager] Stopping Next.js App...
[2025-07-03T12:58:36.534Z] [INFO] [process-manager] Stopping Next.js App...
[2025-07-03T12:58:36.534Z] [INFO] [process-manager] Stopping Next.js App...
[2025-07-03T12:58:36.535Z] [INFO] [process-manager] Stopping Next.js App...
[2025-07-03T12:58:36.535Z] [INFO] [process-manager] Stopping Next.js App...
[2025-07-03T12:58:36.535Z] [INFO] [process-manager] Stopping Next.js App...
[2025-07-03T12:58:36.535Z] [INFO] [process-manager] Stopping Next.js App...
[2025-07-03T12:58:36.535Z] [INFO] [process-manager] Stopping Next.js App...
[2025-07-03T12:58:36.536Z] [INFO] [process-manager] Stopping Next.js App...
[2025-07-03T12:58:36.536Z] [INFO] [process-manager] Stopping Next.js App...
[2025-07-03T12:58:36.536Z] [INFO] [process-manager] Stopping Next.js App...
[2025-07-03T12:58:36.536Z] [INFO] [process-manager] Stopping Next.js App...
[2025-07-03T12:58:36.536Z] [INFO] [process-manager] Stopping Next.js App...
[2025-07-03T12:58:36.536Z] [INFO] [process-manager] Stopping Next.js App...
[2025-07-03T12:58:36.536Z] [INFO] [process-manager] Stopping Next.js App...
[2025-07-03T12:58:36.536Z] [INFO] [process-manager] Stopping Next.js App...
[2025-07-03T12:58:36.536Z] [INFO] [process-manager] Stopping Next.js App...
[2025-07-03T12:58:36.536Z] [INFO] [process-manager] Stopping Next.js App...
[2025-07-03T12:58:36.536Z] [INFO] [process-manager] Stopping Next.js App...
[2025-07-03T12:58:36.536Z] [INFO] [process-manager] Stopping Next.js App...
[2025-07-03T12:58:36.536Z] [INFO] [process-manager] Stopping Next.js App...
[2025-07-03T12:58:36.536Z] [INFO] [process-manager] Stopping Next.js App...
[2025-07-03T12:58:36.536Z] [INFO] [process-manager] Stopping Next.js App...
[2025-07-03T12:58:36.537Z] [INFO] [process-manager] Stopping Next.js App...
[2025-07-03T12:58:36.537Z] [INFO] [process-manager] Stopping Next.js App...
[2025-07-03T12:58:36.537Z] [INFO] [process-manager] Stopping Next.js App...
[2025-07-03T12:58:36.537Z] [INFO] [process-manager] Stopping Next.js App...
[2025-07-03T12:58:36.537Z] [INFO] [process-manager] Stopping Next.js App...
[2025-07-03T12:58:36.537Z] [INFO] [process-manager] Stopping Next.js App...
[2025-07-03T12:58:36.537Z] [INFO] [process-manager] Stopping Next.js App...
[2025-07-03T12:58:36.537Z] [INFO] [process-manager] Stopping Next.js App...
[2025-07-03T12:58:36.537Z] [INFO] [process-manager] Stopping Next.js App...
[2025-07-03T12:58:36.537Z] [INFO] [process-manager] Stopping Next.js App...
[2025-07-03T12:58:36.537Z] [INFO] [process-manager] Stopping Next.js App...
[2025-07-03T12:58:36.537Z] [INFO] [process-manager] Stopping Next.js App...
[2025-07-03T12:58:36.538Z] [INFO] [process-manager] Stopping Next.js App...
[2025-07-03T12:58:36.538Z] [INFO] [process-manager] Stopping Next.js App...
[2025-07-03T12:58:36.538Z] [INFO] [process-manager] Stopping Next.js App...
[2025-07-03T12:58:36.538Z] [WARN] [process-manager] Next.js App exited with code null (signal: SIGTERM)
[2025-07-03T13:00:51.643Z] [INFO] [process-manager] Starting Storybook...
[2025-07-03T13:00:51.645Z] [WARN] [process-manager] Port 6006 is in use, attempting to free it for Storybook
[2025-07-03T13:00:51.683Z] [INFO] [process-manager] Killing process 39081 on port 6006
[2025-07-03T13:00:51.684Z] [INFO] [process-manager] Killing process 58642 on port 6006
[2025-07-03T13:00:52.686Z] [INFO] [process-manager] Port 6006 is now available for Storybook
[2025-07-03T13:00:54.276Z] [WARN] [process-manager] Storybook exited with code 0 (signal: null)
[2025-07-03T13:00:58.233Z] [INFO] [process-manager] Received SIGINT, shutting down...
[2025-07-03T13:00:58.233Z] [INFO] [process-manager] Received SIGINT, shutting down...
[2025-07-03T13:14:27.215Z] [INFO] [process-manager] Starting Storybook...
[2025-07-03T13:14:29.238Z] [INFO] [process-manager] Storybook started successfully (PID: 6369)
[2025-07-03T13:14:29.238Z] [INFO] [process-manager] Starting Sanity Studio...
[2025-07-03T13:14:29.258Z] [INFO] [process-manager] Sanity Studio started successfully (PID: 6498)
[2025-07-03T13:14:29.259Z] [INFO] [process-manager] Starting Next.js App...
[2025-07-03T13:14:31.896Z] [WARN] [process-manager] Sanity Studio exited with code 1 (signal: null)
[2025-07-03T13:14:34.908Z] [INFO] [process-manager] Next.js App started successfully (PID: 6502)
[2025-07-03T13:48:05.645Z] [WARN] [process-manager] Next.js App is unhealthy: HTTP 500
[2025-07-03T13:48:35.120Z] [WARN] [process-manager] Next.js App is unhealthy: HTTP 500
[2025-07-03T13:49:05.129Z] [WARN] [process-manager] Next.js App is unhealthy: HTTP 500
[2025-07-03T13:49:35.122Z] [WARN] [process-manager] Next.js App is unhealthy: HTTP 500
[2025-07-03T13:50:05.134Z] [WARN] [process-manager] Next.js App is unhealthy: HTTP 500
[2025-07-03T13:50:35.124Z] [WARN] [process-manager] Next.js App is unhealthy: HTTP 500
[2025-07-03T13:51:05.137Z] [WARN] [process-manager] Next.js App is unhealthy: HTTP 500
[2025-07-03T13:51:35.129Z] [WARN] [process-manager] Next.js App is unhealthy: HTTP 500
[2025-07-03T13:52:05.126Z] [WARN] [process-manager] Next.js App is unhealthy: HTTP 500
[2025-07-03T13:52:35.119Z] [WARN] [process-manager] Next.js App is unhealthy: HTTP 500
[2025-07-03T13:53:05.120Z] [WARN] [process-manager] Next.js App is unhealthy: HTTP 500
[2025-07-03T13:53:35.134Z] [WARN] [process-manager] Next.js App is unhealthy: HTTP 500
[2025-07-03T13:54:05.129Z] [WARN] [process-manager] Next.js App is unhealthy: HTTP 500
[2025-07-03T13:54:35.131Z] [WARN] [process-manager] Next.js App is unhealthy: HTTP 500
[2025-07-03T13:55:05.142Z] [WARN] [process-manager] Next.js App is unhealthy: HTTP 500
[2025-07-03T13:55:35.133Z] [WARN] [process-manager] Next.js App is unhealthy: HTTP 500
[2025-07-03T13:56:05.134Z] [WARN] [process-manager] Next.js App is unhealthy: HTTP 500
[2025-07-03T13:56:35.135Z] [WARN] [process-manager] Next.js App is unhealthy: HTTP 500
[2025-07-03T13:57:05.132Z] [WARN] [process-manager] Next.js App is unhealthy: HTTP 500
[2025-07-03T13:57:35.155Z] [WARN] [process-manager] Next.js App is unhealthy: HTTP 500
[2025-07-03T13:58:05.159Z] [WARN] [process-manager] Next.js App is unhealthy: HTTP 500
[2025-07-03T13:58:35.153Z] [WARN] [process-manager] Next.js App is unhealthy: HTTP 500
[2025-07-03T13:59:05.159Z] [WARN] [process-manager] Next.js App is unhealthy: HTTP 500
[2025-07-03T13:59:35.154Z] [WARN] [process-manager] Next.js App is unhealthy: HTTP 500
[2025-07-03T14:00:05.140Z] [WARN] [process-manager] Next.js App is unhealthy: HTTP 500
[2025-07-03T14:00:35.125Z] [WARN] [process-manager] Next.js App is unhealthy: HTTP 500
[2025-07-03T14:01:05.120Z] [WARN] [process-manager] Next.js App is unhealthy: HTTP 500
[2025-07-03T14:01:35.130Z] [WARN] [process-manager] Next.js App is unhealthy: HTTP 500
[2025-07-03T14:02:05.130Z] [WARN] [process-manager] Next.js App is unhealthy: HTTP 500
[2025-07-03T14:02:35.129Z] [WARN] [process-manager] Next.js App is unhealthy: HTTP 500
[2025-07-03T14:03:05.136Z] [WARN] [process-manager] Next.js App is unhealthy: HTTP 500
[2025-07-03T14:03:35.141Z] [WARN] [process-manager] Next.js App is unhealthy: HTTP 500
[2025-07-03T14:04:05.156Z] [WARN] [process-manager] Next.js App is unhealthy: HTTP 500
[2025-07-03T14:04:35.146Z] [WARN] [process-manager] Next.js App is unhealthy: HTTP 500
[2025-07-03T14:05:05.146Z] [WARN] [process-manager] Next.js App is unhealthy: HTTP 500
[2025-07-03T14:05:35.140Z] [WARN] [process-manager] Next.js App is unhealthy: HTTP 500
[2025-07-03T14:06:05.145Z] [WARN] [process-manager] Next.js App is unhealthy: HTTP 500
[2025-07-03T14:06:35.146Z] [WARN] [process-manager] Next.js App is unhealthy: HTTP 500
[2025-07-03T14:07:05.154Z] [WARN] [process-manager] Next.js App is unhealthy: HTTP 500
[2025-07-03T14:07:35.152Z] [WARN] [process-manager] Next.js App is unhealthy: HTTP 500
[2025-07-03T14:08:05.161Z] [WARN] [process-manager] Next.js App is unhealthy: HTTP 500
[2025-07-03T14:08:35.167Z] [WARN] [process-manager] Next.js App is unhealthy: HTTP 500
[2025-07-03T14:09:05.154Z] [WARN] [process-manager] Next.js App is unhealthy: HTTP 500
[2025-07-03T14:09:35.159Z] [WARN] [process-manager] Next.js App is unhealthy: HTTP 500
[2025-07-03T14:10:05.167Z] [WARN] [process-manager] Next.js App is unhealthy: HTTP 500
[2025-07-03T14:10:35.157Z] [WARN] [process-manager] Next.js App is unhealthy: HTTP 500
[2025-07-03T14:11:05.164Z] [WARN] [process-manager] Next.js App is unhealthy: HTTP 500
[2025-07-03T14:11:35.166Z] [WARN] [process-manager] Next.js App is unhealthy: HTTP 500
[2025-07-03T14:12:05.173Z] [WARN] [process-manager] Next.js App is unhealthy: HTTP 500
[2025-07-03T14:12:35.173Z] [WARN] [process-manager] Next.js App is unhealthy: HTTP 500
[2025-07-03T14:13:05.190Z] [WARN] [process-manager] Next.js App is unhealthy: HTTP 500
[2025-07-03T14:13:35.181Z] [WARN] [process-manager] Next.js App is unhealthy: HTTP 500
[2025-07-03T14:14:05.173Z] [WARN] [process-manager] Next.js App is unhealthy: HTTP 500
[2025-07-03T14:14:35.175Z] [WARN] [process-manager] Next.js App is unhealthy: HTTP 500
[2025-07-03T14:15:05.185Z] [WARN] [process-manager] Next.js App is unhealthy: HTTP 500
[2025-07-03T14:15:35.183Z] [WARN] [process-manager] Next.js App is unhealthy: HTTP 500
[2025-07-03T14:16:05.193Z] [WARN] [process-manager] Next.js App is unhealthy: HTTP 500
[2025-07-03T14:16:35.201Z] [WARN] [process-manager] Next.js App is unhealthy: HTTP 500
[2025-07-03T14:17:05.231Z] [WARN] [process-manager] Next.js App is unhealthy: HTTP 500
[2025-07-03T14:17:35.201Z] [WARN] [process-manager] Next.js App is unhealthy: HTTP 500
[2025-07-03T14:18:05.209Z] [WARN] [process-manager] Next.js App is unhealthy: HTTP 500
[2025-07-03T14:18:35.212Z] [WARN] [process-manager] Next.js App is unhealthy: HTTP 500
[2025-07-03T14:19:05.209Z] [WARN] [process-manager] Next.js App is unhealthy: HTTP 500
[2025-07-03T14:19:35.208Z] [WARN] [process-manager] Next.js App is unhealthy: HTTP 500
[2025-07-03T14:20:05.216Z] [WARN] [process-manager] Next.js App is unhealthy: HTTP 500
[2025-07-03T14:20:35.217Z] [WARN] [process-manager] Next.js App is unhealthy: HTTP 500
[2025-07-03T14:21:05.224Z] [WARN] [process-manager] Next.js App is unhealthy: HTTP 500
[2025-07-03T14:21:35.222Z] [WARN] [process-manager] Next.js App is unhealthy: HTTP 500
[2025-07-03T14:22:05.220Z] [WARN] [process-manager] Next.js App is unhealthy: HTTP 500
[2025-07-03T14:22:35.213Z] [WARN] [process-manager] Next.js App is unhealthy: HTTP 500
[2025-07-03T14:23:05.218Z] [WARN] [process-manager] Next.js App is unhealthy: HTTP 500
[2025-07-03T14:23:35.216Z] [WARN] [process-manager] Next.js App is unhealthy: HTTP 500
[2025-07-03T14:24:05.195Z] [WARN] [process-manager] Next.js App is unhealthy: HTTP 500
[2025-07-03T14:24:35.191Z] [WARN] [process-manager] Next.js App is unhealthy: HTTP 500
[2025-07-03T14:25:05.202Z] [WARN] [process-manager] Next.js App is unhealthy: HTTP 500
[2025-07-03T14:25:35.207Z] [WARN] [process-manager] Next.js App is unhealthy: HTTP 500
[2025-07-03T14:26:05.207Z] [WARN] [process-manager] Next.js App is unhealthy: HTTP 500
[2025-07-03T14:26:35.203Z] [WARN] [process-manager] Next.js App is unhealthy: HTTP 500
[2025-07-03T14:27:05.206Z] [WARN] [process-manager] Next.js App is unhealthy: HTTP 500
[2025-07-03T14:27:35.215Z] [WARN] [process-manager] Next.js App is unhealthy: HTTP 500
[2025-07-03T14:28:05.225Z] [WARN] [process-manager] Next.js App is unhealthy: HTTP 500
[2025-07-03T14:28:35.215Z] [WARN] [process-manager] Next.js App is unhealthy: HTTP 500
[2025-07-03T14:29:05.233Z] [WARN] [process-manager] Next.js App is unhealthy: HTTP 500
[2025-07-03T14:29:35.207Z] [WARN] [process-manager] Next.js App is unhealthy: HTTP 500
[2025-07-03T14:30:05.224Z] [WARN] [process-manager] Next.js App is unhealthy: HTTP 500
[2025-07-03T14:30:35.234Z] [WARN] [process-manager] Next.js App is unhealthy: HTTP 500
[2025-07-03T14:31:05.213Z] [WARN] [process-manager] Next.js App is unhealthy: HTTP 500
[2025-07-03T14:31:35.214Z] [WARN] [process-manager] Next.js App is unhealthy: HTTP 500
[2025-07-03T14:32:05.221Z] [WARN] [process-manager] Next.js App is unhealthy: HTTP 500
[2025-07-03T14:32:35.222Z] [WARN] [process-manager] Next.js App is unhealthy: HTTP 500
[2025-07-03T14:33:05.227Z] [WARN] [process-manager] Next.js App is unhealthy: HTTP 500
[2025-07-03T14:33:35.232Z] [WARN] [process-manager] Next.js App is unhealthy: HTTP 500
[2025-07-03T14:34:05.236Z] [WARN] [process-manager] Next.js App is unhealthy: HTTP 500
[2025-07-03T14:34:35.242Z] [WARN] [process-manager] Next.js App is unhealthy: HTTP 500
[2025-07-03T14:35:05.236Z] [WARN] [process-manager] Next.js App is unhealthy: HTTP 500
[2025-07-03T14:35:35.243Z] [WARN] [process-manager] Next.js App is unhealthy: HTTP 500
[2025-07-03T14:36:05.243Z] [WARN] [process-manager] Next.js App is unhealthy: HTTP 500
[2025-07-03T14:36:35.244Z] [WARN] [process-manager] Next.js App is unhealthy: HTTP 500
[2025-07-03T14:37:05.245Z] [WARN] [process-manager] Next.js App is unhealthy: HTTP 500
[2025-07-03T14:37:35.246Z] [WARN] [process-manager] Next.js App is unhealthy: HTTP 500
[2025-07-03T14:38:05.255Z] [WARN] [process-manager] Next.js App is unhealthy: HTTP 500
[2025-07-03T14:38:35.259Z] [WARN] [process-manager] Next.js App is unhealthy: HTTP 500
[2025-07-03T14:39:05.254Z] [WARN] [process-manager] Next.js App is unhealthy: HTTP 500
[2025-07-03T14:39:35.257Z] [WARN] [process-manager] Next.js App is unhealthy: HTTP 500
[2025-07-03T14:40:05.271Z] [WARN] [process-manager] Next.js App is unhealthy: HTTP 500
[2025-07-03T14:40:35.252Z] [WARN] [process-manager] Next.js App is unhealthy: HTTP 500
[2025-07-03T14:41:05.254Z] [WARN] [process-manager] Next.js App is unhealthy: HTTP 500
[2025-07-03T14:41:35.265Z] [WARN] [process-manager] Next.js App is unhealthy: HTTP 500
[2025-07-03T14:42:05.259Z] [WARN] [process-manager] Next.js App is unhealthy: HTTP 500
[2025-07-03T14:42:35.261Z] [WARN] [process-manager] Next.js App is unhealthy: HTTP 500
[2025-07-03T14:43:05.272Z] [WARN] [process-manager] Next.js App is unhealthy: HTTP 500
[2025-07-03T14:43:35.267Z] [WARN] [process-manager] Next.js App is unhealthy: HTTP 500
[2025-07-03T14:44:05.264Z] [WARN] [process-manager] Next.js App is unhealthy: HTTP 500
[2025-07-03T14:44:35.282Z] [WARN] [process-manager] Next.js App is unhealthy: HTTP 500
[2025-07-03T14:45:05.271Z] [WARN] [process-manager] Next.js App is unhealthy: HTTP 500
[2025-07-03T14:45:35.272Z] [WARN] [process-manager] Next.js App is unhealthy: HTTP 500
[2025-07-03T14:46:05.287Z] [WARN] [process-manager] Next.js App is unhealthy: HTTP 500
[2025-07-03T14:46:35.274Z] [WARN] [process-manager] Next.js App is unhealthy: HTTP 500
[2025-07-03T14:47:05.328Z] [WARN] [process-manager] Next.js App is unhealthy: HTTP 500
[2025-07-03T14:47:35.303Z] [WARN] [process-manager] Next.js App is unhealthy: HTTP 500
[2025-07-03T14:48:05.327Z] [WARN] [process-manager] Next.js App is unhealthy: HTTP 500
[2025-07-03T14:48:35.322Z] [WARN] [process-manager] Next.js App is unhealthy: HTTP 500
[2025-07-03T14:49:05.344Z] [WARN] [process-manager] Next.js App is unhealthy: HTTP 500
[2025-07-03T14:49:35.324Z] [WARN] [process-manager] Next.js App is unhealthy: HTTP 500
[2025-07-03T14:50:05.383Z] [WARN] [process-manager] Next.js App is unhealthy: HTTP 500
[2025-07-03T14:50:35.352Z] [WARN] [process-manager] Next.js App is unhealthy: HTTP 500
[2025-07-03T14:51:05.340Z] [WARN] [process-manager] Next.js App is unhealthy: HTTP 500
[2025-07-03T14:51:35.341Z] [WARN] [process-manager] Next.js App is unhealthy: HTTP 500
[2025-07-03T14:52:05.332Z] [WARN] [process-manager] Next.js App is unhealthy: HTTP 500
[2025-07-03T14:52:35.351Z] [WARN] [process-manager] Next.js App is unhealthy: HTTP 500
[2025-07-03T14:53:05.368Z] [WARN] [process-manager] Next.js App is unhealthy: HTTP 500
[2025-07-03T14:53:35.352Z] [WARN] [process-manager] Next.js App is unhealthy: HTTP 500
[2025-07-03T14:54:05.358Z] [WARN] [process-manager] Next.js App is unhealthy: HTTP 500
[2025-07-03T14:54:35.373Z] [WARN] [process-manager] Next.js App is unhealthy: HTTP 500
[2025-07-03T14:55:05.364Z] [WARN] [process-manager] Next.js App is unhealthy: HTTP 500
[2025-07-03T14:55:35.379Z] [WARN] [process-manager] Next.js App is unhealthy: HTTP 500
[2025-07-03T14:56:05.362Z] [WARN] [process-manager] Next.js App is unhealthy: HTTP 500
[2025-07-03T14:56:35.357Z] [WARN] [process-manager] Next.js App is unhealthy: HTTP 500
[2025-07-03T14:57:05.372Z] [WARN] [process-manager] Next.js App is unhealthy: HTTP 500
[2025-07-03T14:57:35.361Z] [WARN] [process-manager] Next.js App is unhealthy: HTTP 500
[2025-07-03T14:58:05.390Z] [WARN] [process-manager] Next.js App is unhealthy: HTTP 500
[2025-07-03T14:58:35.383Z] [WARN] [process-manager] Next.js App is unhealthy: HTTP 500
[2025-07-03T14:59:05.393Z] [WARN] [process-manager] Next.js App is unhealthy: HTTP 500
[2025-07-03T14:59:35.382Z] [WARN] [process-manager] Next.js App is unhealthy: HTTP 500
[2025-07-03T15:00:05.388Z] [WARN] [process-manager] Next.js App is unhealthy: HTTP 500
[2025-07-03T15:00:35.381Z] [WARN] [process-manager] Next.js App is unhealthy: HTTP 500
[2025-07-03T15:01:05.380Z] [WARN] [process-manager] Next.js App is unhealthy: HTTP 500
[2025-07-03T15:01:35.380Z] [WARN] [process-manager] Next.js App is unhealthy: HTTP 500
[2025-07-03T15:02:05.396Z] [WARN] [process-manager] Next.js App is unhealthy: HTTP 500
[2025-07-03T15:02:35.387Z] [WARN] [process-manager] Next.js App is unhealthy: HTTP 500
[2025-07-03T15:03:05.389Z] [WARN] [process-manager] Next.js App is unhealthy: HTTP 500
[2025-07-03T15:03:35.401Z] [WARN] [process-manager] Next.js App is unhealthy: HTTP 500
[2025-07-03T15:04:05.404Z] [WARN] [process-manager] Next.js App is unhealthy: HTTP 500
[2025-07-03T15:04:35.415Z] [WARN] [process-manager] Next.js App is unhealthy: HTTP 500
[2025-07-03T15:05:05.399Z] [WARN] [process-manager] Next.js App is unhealthy: HTTP 500
[2025-07-03T15:05:35.407Z] [WARN] [process-manager] Next.js App is unhealthy: HTTP 500
[2025-07-03T15:06:05.410Z] [WARN] [process-manager] Next.js App is unhealthy: HTTP 500
[2025-07-03T15:06:35.412Z] [WARN] [process-manager] Next.js App is unhealthy: HTTP 500
[2025-07-03T15:07:05.434Z] [WARN] [process-manager] Next.js App is unhealthy: HTTP 500
[2025-07-03T15:07:35.420Z] [WARN] [process-manager] Next.js App is unhealthy: HTTP 500
[2025-07-03T15:08:05.421Z] [WARN] [process-manager] Next.js App is unhealthy: HTTP 500
[2025-07-03T15:08:35.414Z] [WARN] [process-manager] Next.js App is unhealthy: HTTP 500
[2025-07-03T15:09:05.432Z] [WARN] [process-manager] Next.js App is unhealthy: HTTP 500
[2025-07-03T15:09:35.419Z] [WARN] [process-manager] Next.js App is unhealthy: HTTP 500
[2025-07-03T15:10:05.419Z] [WARN] [process-manager] Next.js App is unhealthy: HTTP 500
[2025-07-03T15:10:35.421Z] [WARN] [process-manager] Next.js App is unhealthy: HTTP 500
[2025-07-03T15:11:05.434Z] [WARN] [process-manager] Next.js App is unhealthy: HTTP 500
[2025-07-03T15:11:35.421Z] [WARN] [process-manager] Next.js App is unhealthy: HTTP 500
[2025-07-03T15:12:05.452Z] [WARN] [process-manager] Next.js App is unhealthy: HTTP 500
[2025-07-03T15:12:35.448Z] [WARN] [process-manager] Next.js App is unhealthy: HTTP 500
[2025-07-03T15:13:05.451Z] [WARN] [process-manager] Next.js App is unhealthy: HTTP 500
[2025-07-03T15:13:35.458Z] [WARN] [process-manager] Next.js App is unhealthy: HTTP 500
[2025-07-03T15:14:05.454Z] [WARN] [process-manager] Next.js App is unhealthy: HTTP 500
[2025-07-03T15:14:35.472Z] [WARN] [process-manager] Next.js App is unhealthy: HTTP 500
[2025-07-03T15:15:05.453Z] [WARN] [process-manager] Next.js App is unhealthy: HTTP 500
[2025-07-03T15:15:35.453Z] [WARN] [process-manager] Next.js App is unhealthy: HTTP 500
[2025-07-03T15:16:05.457Z] [WARN] [process-manager] Next.js App is unhealthy: HTTP 500
[2025-07-03T15:16:35.469Z] [WARN] [process-manager] Next.js App is unhealthy: HTTP 500
[2025-07-03T15:17:05.487Z] [WARN] [process-manager] Next.js App is unhealthy: HTTP 500
[2025-07-03T15:17:35.505Z] [WARN] [process-manager] Next.js App is unhealthy: HTTP 500
[2025-07-03T15:18:05.490Z] [WARN] [process-manager] Next.js App is unhealthy: HTTP 500
[2025-07-03T15:18:35.487Z] [WARN] [process-manager] Next.js App is unhealthy: HTTP 500
[2025-07-03T15:19:05.484Z] [WARN] [process-manager] Next.js App is unhealthy: HTTP 500
[2025-07-03T15:19:35.493Z] [WARN] [process-manager] Next.js App is unhealthy: HTTP 500
[2025-07-03T15:20:05.493Z] [WARN] [process-manager] Next.js App is unhealthy: HTTP 500
[2025-07-03T15:20:35.476Z] [WARN] [process-manager] Next.js App is unhealthy: HTTP 500
[2025-07-03T15:21:05.496Z] [WARN] [process-manager] Next.js App is unhealthy: HTTP 500
[2025-07-03T15:21:35.493Z] [WARN] [process-manager] Next.js App is unhealthy: HTTP 500
[2025-07-03T15:22:05.500Z] [WARN] [process-manager] Next.js App is unhealthy: HTTP 500
[2025-07-03T15:22:35.508Z] [WARN] [process-manager] Next.js App is unhealthy: HTTP 500
[2025-07-03T15:23:05.501Z] [WARN] [process-manager] Next.js App is unhealthy: HTTP 500
[2025-07-03T15:23:35.508Z] [WARN] [process-manager] Next.js App is unhealthy: HTTP 500
[2025-07-03T15:24:05.503Z] [WARN] [process-manager] Next.js App is unhealthy: HTTP 500
[2025-07-03T15:24:35.500Z] [WARN] [process-manager] Next.js App is unhealthy: HTTP 500
[2025-07-03T15:25:05.519Z] [WARN] [process-manager] Next.js App is unhealthy: HTTP 500
[2025-07-03T15:25:35.512Z] [WARN] [process-manager] Next.js App is unhealthy: HTTP 500
[2025-07-03T15:26:05.506Z] [WARN] [process-manager] Next.js App is unhealthy: HTTP 500
[2025-07-03T15:26:35.523Z] [WARN] [process-manager] Next.js App is unhealthy: HTTP 500
[2025-07-03T15:27:05.517Z] [WARN] [process-manager] Next.js App is unhealthy: HTTP 500
[2025-07-03T15:27:35.528Z] [WARN] [process-manager] Next.js App is unhealthy: HTTP 500
[2025-07-03T15:28:05.530Z] [WARN] [process-manager] Next.js App is unhealthy: HTTP 500
[2025-07-03T15:28:35.538Z] [WARN] [process-manager] Next.js App is unhealthy: HTTP 500
[2025-07-03T15:29:05.529Z] [WARN] [process-manager] Next.js App is unhealthy: HTTP 500
[2025-07-03T15:29:35.525Z] [WARN] [process-manager] Next.js App is unhealthy: HTTP 500
[2025-07-03T15:30:05.538Z] [WARN] [process-manager] Next.js App is unhealthy: HTTP 500
[2025-07-03T15:30:35.529Z] [WARN] [process-manager] Next.js App is unhealthy: HTTP 500
[2025-07-03T15:31:05.533Z] [WARN] [process-manager] Next.js App is unhealthy: HTTP 500
[2025-07-03T15:31:35.531Z] [WARN] [process-manager] Next.js App is unhealthy: HTTP 500
[2025-07-03T15:32:05.536Z] [WARN] [process-manager] Next.js App is unhealthy: HTTP 500
[2025-07-03T15:32:35.539Z] [WARN] [process-manager] Next.js App is unhealthy: HTTP 500
[2025-07-03T15:33:05.542Z] [WARN] [process-manager] Next.js App is unhealthy: HTTP 500
[2025-07-03T15:33:35.544Z] [WARN] [process-manager] Next.js App is unhealthy: HTTP 500
[2025-07-03T15:34:05.548Z] [WARN] [process-manager] Next.js App is unhealthy: HTTP 500
[2025-07-03T15:34:35.546Z] [WARN] [process-manager] Next.js App is unhealthy: HTTP 500
[2025-07-03T15:35:05.565Z] [WARN] [process-manager] Next.js App is unhealthy: HTTP 500
[2025-07-03T15:35:35.542Z] [WARN] [process-manager] Next.js App is unhealthy: HTTP 500
[2025-07-03T15:36:05.538Z] [WARN] [process-manager] Next.js App is unhealthy: HTTP 500
[2025-07-03T15:36:35.538Z] [WARN] [process-manager] Next.js App is unhealthy: HTTP 500
[2025-07-03T15:37:05.558Z] [WARN] [process-manager] Next.js App is unhealthy: HTTP 500
[2025-07-03T15:37:35.539Z] [WARN] [process-manager] Next.js App is unhealthy: HTTP 500
[2025-07-03T15:38:05.540Z] [WARN] [process-manager] Next.js App is unhealthy: HTTP 500
[2025-07-03T15:38:35.558Z] [WARN] [process-manager] Next.js App is unhealthy: HTTP 500
[2025-07-03T15:39:05.567Z] [WARN] [process-manager] Next.js App is unhealthy: HTTP 500
[2025-07-03T15:39:35.576Z] [WARN] [process-manager] Next.js App is unhealthy: HTTP 500
[2025-07-03T15:40:05.562Z] [WARN] [process-manager] Next.js App is unhealthy: HTTP 500
[2025-07-03T15:40:35.568Z] [WARN] [process-manager] Next.js App is unhealthy: HTTP 500
[2025-07-03T15:41:05.549Z] [WARN] [process-manager] Next.js App is unhealthy: HTTP 500
[2025-07-03T15:41:35.544Z] [WARN] [process-manager] Next.js App is unhealthy: HTTP 500
[2025-07-03T15:42:05.564Z] [WARN] [process-manager] Next.js App is unhealthy: HTTP 500
[2025-07-03T15:42:35.548Z] [WARN] [process-manager] Next.js App is unhealthy: HTTP 500
[2025-07-03T15:43:05.579Z] [WARN] [process-manager] Next.js App is unhealthy: HTTP 500
[2025-07-03T15:43:35.569Z] [WARN] [process-manager] Next.js App is unhealthy: HTTP 500
[2025-07-03T15:44:05.558Z] [WARN] [process-manager] Next.js App is unhealthy: HTTP 500
[2025-07-03T15:44:35.559Z] [WARN] [process-manager] Next.js App is unhealthy: HTTP 500
[2025-07-03T15:45:05.572Z] [WARN] [process-manager] Next.js App is unhealthy: HTTP 500
[2025-07-03T15:45:35.560Z] [WARN] [process-manager] Next.js App is unhealthy: HTTP 500
[2025-07-03T15:46:05.564Z] [WARN] [process-manager] Next.js App is unhealthy: HTTP 500
[2025-07-03T15:46:35.565Z] [WARN] [process-manager] Next.js App is unhealthy: HTTP 500
[2025-07-03T15:47:05.579Z] [WARN] [process-manager] Next.js App is unhealthy: HTTP 500
[2025-07-03T15:47:35.569Z] [WARN] [process-manager] Next.js App is unhealthy: HTTP 500
[2025-07-03T15:48:05.576Z] [WARN] [process-manager] Next.js App is unhealthy: HTTP 500
[2025-07-03T15:48:35.577Z] [WARN] [process-manager] Next.js App is unhealthy: HTTP 500
[2025-07-03T15:49:05.579Z] [WARN] [process-manager] Next.js App is unhealthy: HTTP 500
[2025-07-03T15:49:35.599Z] [WARN] [process-manager] Next.js App is unhealthy: HTTP 500
[2025-07-03T15:50:05.574Z] [WARN] [process-manager] Next.js App is unhealthy: HTTP 500
[2025-07-03T15:50:35.575Z] [WARN] [process-manager] Next.js App is unhealthy: HTTP 500
[2025-07-03T15:51:05.578Z] [WARN] [process-manager] Next.js App is unhealthy: HTTP 500
[2025-07-03T15:51:35.581Z] [WARN] [process-manager] Next.js App is unhealthy: HTTP 500
[2025-07-03T15:52:05.585Z] [WARN] [process-manager] Next.js App is unhealthy: HTTP 500
[2025-07-03T15:52:35.584Z] [WARN] [process-manager] Next.js App is unhealthy: HTTP 500
[2025-07-03T15:53:05.586Z] [WARN] [process-manager] Next.js App is unhealthy: HTTP 500
[2025-07-03T15:53:35.595Z] [WARN] [process-manager] Next.js App is unhealthy: HTTP 500
[2025-07-03T15:54:05.594Z] [WARN] [process-manager] Next.js App is unhealthy: HTTP 500
[2025-07-03T15:54:35.646Z] [WARN] [process-manager] Next.js App is unhealthy: HTTP 500
[2025-07-03T15:55:05.597Z] [WARN] [process-manager] Next.js App is unhealthy: HTTP 500
[2025-07-03T15:55:35.601Z] [WARN] [process-manager] Next.js App is unhealthy: HTTP 500
[2025-07-03T15:56:05.599Z] [WARN] [process-manager] Next.js App is unhealthy: HTTP 500
[2025-07-03T15:56:35.608Z] [WARN] [process-manager] Next.js App is unhealthy: HTTP 500
[2025-07-03T15:57:05.607Z] [WARN] [process-manager] Next.js App is unhealthy: HTTP 500
[2025-07-03T15:57:35.602Z] [WARN] [process-manager] Next.js App is unhealthy: HTTP 500
[2025-07-03T15:58:05.622Z] [WARN] [process-manager] Next.js App is unhealthy: HTTP 500
[2025-07-03T15:58:35.613Z] [WARN] [process-manager] Next.js App is unhealthy: HTTP 500
[2025-07-03T15:59:05.607Z] [WARN] [process-manager] Next.js App is unhealthy: HTTP 500
[2025-07-03T15:59:35.599Z] [WARN] [process-manager] Next.js App is unhealthy: HTTP 500
[2025-07-03T16:00:05.612Z] [WARN] [process-manager] Next.js App is unhealthy: HTTP 500
[2025-07-03T16:00:35.602Z] [WARN] [process-manager] Next.js App is unhealthy: HTTP 500
[2025-07-03T16:01:05.601Z] [WARN] [process-manager] Next.js App is unhealthy: HTTP 500
[2025-07-03T16:01:35.609Z] [WARN] [process-manager] Next.js App is unhealthy: HTTP 500
[2025-07-03T16:02:05.604Z] [WARN] [process-manager] Next.js App is unhealthy: HTTP 500
[2025-07-03T16:02:35.635Z] [WARN] [process-manager] Next.js App is unhealthy: HTTP 500
[2025-07-03T16:03:05.625Z] [WARN] [process-manager] Next.js App is unhealthy: HTTP 500
[2025-07-03T16:03:06.887Z] [INFO] [process-manager] Received SIGINT, shutting down...
[2025-07-03T16:03:06.887Z] [INFO] [process-manager] Stopping Storybook...
[2025-07-03T16:03:06.890Z] [INFO] [process-manager] Received SIGINT, shutting down...
[2025-07-03T16:03:06.891Z] [INFO] [process-manager] Stopping Storybook...
[2025-07-03T16:03:06.905Z] [WARN] [process-manager] Storybook exited with code null (signal: SIGTERM)
[2025-07-03T16:03:06.905Z] [INFO] [process-manager] Storybook stopped
[2025-07-03T16:03:06.905Z] [INFO] [process-manager] Storybook stopped
[2025-07-03T16:03:06.905Z] [INFO] [process-manager] Stopping Next.js App...
[2025-07-03T16:03:06.905Z] [INFO] [process-manager] Stopping Next.js App...
[2025-07-03T16:03:06.911Z] [WARN] [process-manager] Next.js App exited with code null (signal: SIGTERM)
[2025-07-03T16:03:06.911Z] [INFO] [process-manager] Next.js App stopped
[2025-07-03T16:03:06.911Z] [INFO] [process-manager] Next.js App stopped
[2025-07-03T16:03:39.341Z] [INFO] [process-manager] Starting Storybook...
[2025-07-03T16:03:41.488Z] [INFO] [process-manager] Storybook started successfully (PID: 65659)
[2025-07-03T16:03:41.488Z] [INFO] [process-manager] Starting Sanity Studio...
[2025-07-03T16:03:41.513Z] [INFO] [process-manager] Sanity Studio started successfully (PID: 65793)
[2025-07-03T16:03:41.513Z] [INFO] [process-manager] Starting Next.js App...
[2025-07-03T16:03:45.210Z] [WARN] [process-manager] Sanity Studio exited with code 1 (signal: null)
[2025-07-03T16:03:47.137Z] [INFO] [process-manager] Next.js App started successfully (PID: 65799)
[2025-07-03T16:31:12.305Z] [WARN] [process-manager] Storybook exited with code 0 (signal: null)
[2025-07-03T16:33:22.078Z] [INFO] [process-manager] Received SIGINT, shutting down...
[2025-07-03T16:33:22.080Z] [INFO] [process-manager] Stopping Next.js App...
[2025-07-03T16:33:22.080Z] [INFO] [process-manager] Received SIGINT, shutting down...
[2025-07-03T16:33:22.081Z] [INFO] [process-manager] Stopping Next.js App...
[2025-07-03T16:33:22.089Z] [WARN] [process-manager] Next.js App exited with code null (signal: SIGTERM)
[2025-07-03T16:33:22.089Z] [INFO] [process-manager] Next.js App stopped
[2025-07-03T16:33:22.089Z] [INFO] [process-manager] Next.js App stopped
[2025-07-03T16:33:23.393Z] [INFO] [process-manager] Starting Storybook...
[2025-07-03T16:33:25.408Z] [INFO] [process-manager] Storybook started successfully (PID: 29364)
[2025-07-03T16:33:25.409Z] [INFO] [process-manager] Starting Sanity Studio...
[2025-07-03T16:33:25.422Z] [INFO] [process-manager] Sanity Studio started successfully (PID: 29479)
[2025-07-03T16:33:25.422Z] [INFO] [process-manager] Starting Next.js App...
[2025-07-03T16:33:28.467Z] [WARN] [process-manager] Sanity Studio exited with code 1 (signal: null)
[2025-07-03T16:33:30.507Z] [INFO] [process-manager] Next.js App started successfully (PID: 29483)
[2025-07-03T16:35:38.851Z] [INFO] [process-manager] Received SIGINT, shutting down...
[2025-07-03T16:35:38.852Z] [INFO] [process-manager] Stopping Storybook...
[2025-07-03T16:35:38.853Z] [INFO] [process-manager] Received SIGINT, shutting down...
[2025-07-03T16:35:38.853Z] [INFO] [process-manager] Stopping Storybook...
[2025-07-03T16:35:38.865Z] [WARN] [process-manager] Storybook exited with code null (signal: SIGTERM)
[2025-07-03T16:35:38.865Z] [INFO] [process-manager] Storybook stopped
[2025-07-03T16:35:38.865Z] [INFO] [process-manager] Storybook stopped
[2025-07-03T16:35:38.865Z] [INFO] [process-manager] Stopping Next.js App...
[2025-07-03T16:35:38.865Z] [INFO] [process-manager] Stopping Next.js App...
[2025-07-03T16:35:38.874Z] [WARN] [process-manager] Next.js App exited with code null (signal: SIGTERM)
[2025-07-03T16:35:38.875Z] [INFO] [process-manager] Next.js App stopped
[2025-07-03T16:35:38.875Z] [INFO] [process-manager] Next.js App stopped
[2025-07-03T16:36:30.606Z] [INFO] [process-manager] Starting Storybook...
[2025-07-03T16:36:32.628Z] [INFO] [process-manager] Storybook started successfully (PID: 36608)
[2025-07-03T16:36:32.629Z] [INFO] [process-manager] Starting Sanity Studio...
[2025-07-03T16:36:34.659Z] [INFO] [process-manager] Sanity Studio started successfully (PID: 36718)
[2025-07-03T16:36:34.659Z] [INFO] [process-manager] Starting Next.js App...
[2025-07-03T16:36:38.216Z] [INFO] [process-manager] Received SIGINT, shutting down...
[2025-07-03T16:36:38.217Z] [INFO] [process-manager] Stopping Storybook...
[2025-07-03T16:36:38.218Z] [INFO] [process-manager] Received SIGINT, shutting down...
[2025-07-03T16:36:38.219Z] [INFO] [process-manager] Stopping Storybook...
[2025-07-03T16:36:38.231Z] [WARN] [process-manager] Storybook exited with code null (signal: SIGTERM)
[2025-07-03T16:36:38.231Z] [INFO] [process-manager] Storybook stopped
[2025-07-03T16:36:38.231Z] [INFO] [process-manager] Storybook stopped
[2025-07-03T16:36:38.232Z] [INFO] [process-manager] Stopping Sanity Studio...
[2025-07-03T16:36:38.232Z] [INFO] [process-manager] Stopping Sanity Studio...
[2025-07-03T16:36:38.240Z] [WARN] [process-manager] Sanity Studio exited with code 0 (signal: null)
[2025-07-03T16:36:38.241Z] [INFO] [process-manager] Sanity Studio stopped
[2025-07-03T16:36:38.241Z] [INFO] [process-manager] Sanity Studio stopped
[2025-07-03T16:36:38.241Z] [INFO] [process-manager] Stopping Next.js App...
[2025-07-03T16:36:38.241Z] [INFO] [process-manager] Stopping Next.js App...
[2025-07-03T16:36:38.245Z] [WARN] [process-manager] Next.js App exited with code null (signal: SIGTERM)
[2025-07-03T16:36:38.245Z] [INFO] [process-manager] Next.js App stopped
[2025-07-03T16:36:38.245Z] [INFO] [process-manager] Next.js App stopped
[2025-07-03T16:42:59.237Z] [INFO] [process-manager] Starting Storybook...
[2025-07-03T16:43:01.257Z] [INFO] [process-manager] Storybook started successfully (PID: 84816)
[2025-07-03T16:43:01.258Z] [INFO] [process-manager] Starting Sanity Studio...
[2025-07-03T16:43:01.399Z] [INFO] [process-manager] Sanity Studio started successfully (PID: 84927)
[2025-07-03T16:43:01.399Z] [INFO] [process-manager] Starting Next.js App...
[2025-07-03T16:43:03.644Z] [WARN] [process-manager] Sanity Studio exited with code 1 (signal: null)
[2025-07-03T16:43:07.493Z] [INFO] [process-manager] Next.js App started successfully (PID: 84931)
[2025-07-03T16:44:59.035Z] [INFO] [process-manager] Storybook is already running (PID: 84816)
[2025-07-03T16:44:59.036Z] [INFO] [process-manager] Starting Sanity Studio...
[2025-07-03T16:44:59.052Z] [INFO] [process-manager] Sanity Studio started successfully (PID: 89178)
[2025-07-03T16:44:59.052Z] [INFO] [process-manager] Next.js App is already running (PID: 84931)
[2025-07-03T16:45:01.086Z] [WARN] [process-manager] Sanity Studio exited with code 1 (signal: null)
[2025-07-03T16:45:25.466Z] [INFO] [process-manager] Storybook is already running (PID: 84816)
[2025-07-03T16:45:25.467Z] [INFO] [process-manager] Starting Sanity Studio...
[2025-07-03T16:45:25.482Z] [INFO] [process-manager] Sanity Studio started successfully (PID: 6762)
[2025-07-03T16:45:25.482Z] [INFO] [process-manager] Next.js App is already running (PID: 84931)
[2025-07-03T16:45:27.174Z] [WARN] [process-manager] Sanity Studio exited with code 1 (signal: null)
[2025-07-03T16:45:29.767Z] [INFO] [process-manager] Storybook is already running (PID: 84816)
[2025-07-03T16:45:29.767Z] [INFO] [process-manager] Starting Sanity Studio...
[2025-07-03T16:45:30.860Z] [INFO] [process-manager] Sanity Studio started successfully (PID: 6976)
[2025-07-03T16:45:30.861Z] [INFO] [process-manager] Next.js App is already running (PID: 84931)
[2025-07-03T16:45:37.926Z] [INFO] [process-manager] Stopping Storybook...
[2025-07-03T16:45:37.928Z] [INFO] [process-manager] Stopping Storybook...
[2025-07-03T16:45:37.928Z] [INFO] [process-manager] Stopping Storybook...
[2025-07-03T16:45:37.928Z] [INFO] [process-manager] Stopping Storybook...
[2025-07-03T16:45:37.928Z] [INFO] [process-manager] Stopping Storybook...
[2025-07-03T16:45:37.928Z] [INFO] [process-manager] Stopping Storybook...
[2025-07-03T16:45:37.929Z] [INFO] [process-manager] Stopping Storybook...
[2025-07-03T16:45:37.929Z] [INFO] [process-manager] Stopping Storybook...
[2025-07-03T16:45:37.929Z] [INFO] [process-manager] Stopping Storybook...
[2025-07-03T16:45:37.929Z] [INFO] [process-manager] Stopping Storybook...
[2025-07-03T16:45:37.931Z] [INFO] [process-manager] Stopping Storybook...
[2025-07-03T16:45:37.931Z] [INFO] [process-manager] Stopping Storybook...
[2025-07-03T16:45:37.932Z] [INFO] [process-manager] Stopping Storybook...
[2025-07-03T16:45:37.932Z] [INFO] [process-manager] Stopping Storybook...
[2025-07-03T16:45:37.932Z] [INFO] [process-manager] Stopping Storybook...
[2025-07-03T16:45:37.933Z] [INFO] [process-manager] Stopping Storybook...
[2025-07-03T16:45:37.933Z] [INFO] [process-manager] Stopping Storybook...
[2025-07-03T16:45:37.933Z] [INFO] [process-manager] Stopping Storybook...
[2025-07-03T16:45:37.933Z] [INFO] [process-manager] Stopping Storybook...
[2025-07-03T16:45:37.933Z] [INFO] [process-manager] Stopping Storybook...
[2025-07-03T16:45:37.933Z] [INFO] [process-manager] Stopping Storybook...
[2025-07-03T16:45:37.934Z] [INFO] [process-manager] Stopping Storybook...
[2025-07-03T16:45:37.934Z] [INFO] [process-manager] Stopping Storybook...
[2025-07-03T16:45:37.934Z] [INFO] [process-manager] Stopping Storybook...
[2025-07-03T16:45:37.935Z] [INFO] [process-manager] Stopping Storybook...
[2025-07-03T16:45:37.935Z] [INFO] [process-manager] Stopping Storybook...
[2025-07-03T16:45:37.935Z] [INFO] [process-manager] Stopping Storybook...
[2025-07-03T16:45:37.935Z] [INFO] [process-manager] Stopping Storybook...
[2025-07-03T16:45:37.935Z] [INFO] [process-manager] Stopping Storybook...
[2025-07-03T16:45:37.936Z] [INFO] [process-manager] Stopping Storybook...
[2025-07-03T16:45:37.936Z] [INFO] [process-manager] Stopping Storybook...
[2025-07-03T16:45:37.936Z] [INFO] [process-manager] Stopping Storybook...
[2025-07-03T16:45:37.936Z] [INFO] [process-manager] Stopping Storybook...
[2025-07-03T16:45:37.936Z] [INFO] [process-manager] Stopping Storybook...
[2025-07-03T16:45:37.936Z] [INFO] [process-manager] Stopping Storybook...
[2025-07-03T16:45:37.937Z] [INFO] [process-manager] Stopping Storybook...
[2025-07-03T16:45:37.937Z] [INFO] [process-manager] Stopping Storybook...
[2025-07-03T16:45:37.937Z] [INFO] [process-manager] Stopping Storybook...
[2025-07-03T16:45:37.938Z] [INFO] [process-manager] Stopping Storybook...
[2025-07-03T16:45:37.938Z] [INFO] [process-manager] Stopping Storybook...
[2025-07-03T16:45:37.939Z] [INFO] [process-manager] Stopping Storybook...
[2025-07-03T16:45:37.939Z] [INFO] [process-manager] Stopping Storybook...
[2025-07-03T16:45:37.939Z] [INFO] [process-manager] Stopping Storybook...
[2025-07-03T16:45:37.939Z] [INFO] [process-manager] Stopping Storybook...
[2025-07-03T16:45:37.939Z] [INFO] [process-manager] Stopping Storybook...
[2025-07-03T16:45:37.940Z] [INFO] [process-manager] Stopping Storybook...
[2025-07-03T16:45:37.941Z] [INFO] [process-manager] Stopping Storybook...
[2025-07-03T16:45:37.942Z] [INFO] [process-manager] Stopping Storybook...
[2025-07-03T16:45:37.942Z] [INFO] [process-manager] Stopping Storybook...
[2025-07-03T16:45:37.942Z] [INFO] [process-manager] Stopping Storybook...
[2025-07-03T16:45:37.942Z] [INFO] [process-manager] Stopping Storybook...
[2025-07-03T16:45:37.942Z] [INFO] [process-manager] Stopping Storybook...
[2025-07-03T16:45:37.942Z] [INFO] [process-manager] Stopping Storybook...
[2025-07-03T16:45:37.943Z] [INFO] [process-manager] Stopping Storybook...
[2025-07-03T16:45:37.943Z] [INFO] [process-manager] Stopping Storybook...
[2025-07-03T16:45:37.943Z] [INFO] [process-manager] Stopping Storybook...
[2025-07-03T16:45:37.943Z] [INFO] [process-manager] Stopping Storybook...
[2025-07-03T16:45:37.943Z] [INFO] [process-manager] Stopping Storybook...
[2025-07-03T16:45:37.943Z] [INFO] [process-manager] Stopping Storybook...
[2025-07-03T16:45:37.943Z] [INFO] [process-manager] Stopping Storybook...
[2025-07-03T16:45:37.943Z] [INFO] [process-manager] Stopping Storybook...
[2025-07-03T16:45:37.943Z] [INFO] [process-manager] Stopping Storybook...
[2025-07-03T16:45:37.943Z] [INFO] [process-manager] Stopping Storybook...
[2025-07-03T16:45:37.944Z] [INFO] [process-manager] Stopping Storybook...
[2025-07-03T16:45:37.944Z] [INFO] [process-manager] Stopping Storybook...
[2025-07-03T16:45:37.944Z] [INFO] [process-manager] Stopping Storybook...
[2025-07-03T16:45:37.944Z] [INFO] [process-manager] Stopping Storybook...
[2025-07-03T16:45:37.944Z] [INFO] [process-manager] Stopping Storybook...
[2025-07-03T16:45:37.944Z] [INFO] [process-manager] Stopping Storybook...
[2025-07-03T16:45:37.944Z] [INFO] [process-manager] Stopping Storybook...
[2025-07-03T16:45:37.944Z] [INFO] [process-manager] Stopping Storybook...
[2025-07-03T16:45:37.944Z] [INFO] [process-manager] Stopping Storybook...
[2025-07-03T16:45:37.944Z] [INFO] [process-manager] Stopping Storybook...
[2025-07-03T16:45:37.944Z] [INFO] [process-manager] Stopping Storybook...
[2025-07-03T16:45:37.944Z] [INFO] [process-manager] Stopping Storybook...
[2025-07-03T16:45:37.945Z] [INFO] [process-manager] Stopping Storybook...
[2025-07-03T16:45:37.945Z] [INFO] [process-manager] Stopping Storybook...
[2025-07-03T16:45:37.945Z] [INFO] [process-manager] Stopping Storybook...
[2025-07-03T16:45:37.945Z] [INFO] [process-manager] Stopping Storybook...
[2025-07-03T16:45:37.946Z] [INFO] [process-manager] Stopping Storybook...
[2025-07-03T16:45:37.946Z] [INFO] [process-manager] Stopping Storybook...
[2025-07-03T16:45:37.946Z] [INFO] [process-manager] Stopping Storybook...
[2025-07-03T16:45:37.946Z] [INFO] [process-manager] Stopping Storybook...
[2025-07-03T16:45:37.947Z] [INFO] [process-manager] Stopping Storybook...
[2025-07-03T16:45:37.947Z] [INFO] [process-manager] Stopping Storybook...
[2025-07-03T16:45:37.947Z] [INFO] [process-manager] Stopping Storybook...
[2025-07-03T16:45:37.947Z] [WARN] [process-manager] Storybook exited with code null (signal: SIGTERM)
[2025-07-03T16:45:37.948Z] [INFO] [process-manager] Stopping Next.js App...
[2025-07-03T16:45:37.948Z] [INFO] [process-manager] Stopping Next.js App...
[2025-07-03T16:45:37.948Z] [INFO] [process-manager] Stopping Next.js App...
[2025-07-03T16:45:37.948Z] [INFO] [process-manager] Stopping Next.js App...
[2025-07-03T16:45:37.948Z] [INFO] [process-manager] Stopping Next.js App...
[2025-07-03T16:45:37.948Z] [INFO] [process-manager] Stopping Next.js App...
[2025-07-03T16:45:37.948Z] [INFO] [process-manager] Stopping Next.js App...
[2025-07-03T16:45:37.948Z] [INFO] [process-manager] Stopping Next.js App...
[2025-07-03T16:45:37.948Z] [INFO] [process-manager] Stopping Next.js App...
[2025-07-03T16:45:37.948Z] [INFO] [process-manager] Stopping Next.js App...
[2025-07-03T16:45:37.949Z] [INFO] [process-manager] Stopping Next.js App...
[2025-07-03T16:45:37.949Z] [INFO] [process-manager] Stopping Next.js App...
[2025-07-03T16:45:37.949Z] [INFO] [process-manager] Stopping Next.js App...
[2025-07-03T16:45:37.949Z] [INFO] [process-manager] Stopping Next.js App...
[2025-07-03T16:45:37.949Z] [INFO] [process-manager] Stopping Next.js App...
[2025-07-03T16:45:37.949Z] [INFO] [process-manager] Stopping Next.js App...
[2025-07-03T16:45:37.949Z] [INFO] [process-manager] Stopping Next.js App...
[2025-07-03T16:45:37.949Z] [INFO] [process-manager] Stopping Next.js App...
[2025-07-03T16:45:37.949Z] [INFO] [process-manager] Stopping Next.js App...
[2025-07-03T16:45:37.949Z] [INFO] [process-manager] Stopping Next.js App...
[2025-07-03T16:45:37.949Z] [INFO] [process-manager] Stopping Next.js App...
[2025-07-03T16:45:37.949Z] [INFO] [process-manager] Stopping Next.js App...
[2025-07-03T16:45:37.950Z] [INFO] [process-manager] Stopping Next.js App...
[2025-07-03T16:45:37.950Z] [INFO] [process-manager] Stopping Next.js App...
[2025-07-03T16:45:37.950Z] [INFO] [process-manager] Stopping Next.js App...
[2025-07-03T16:45:37.950Z] [INFO] [process-manager] Stopping Next.js App...
[2025-07-03T16:45:37.950Z] [INFO] [process-manager] Stopping Next.js App...
[2025-07-03T16:45:37.950Z] [INFO] [process-manager] Stopping Next.js App...
[2025-07-03T16:45:37.950Z] [INFO] [process-manager] Stopping Next.js App...
[2025-07-03T16:45:37.950Z] [INFO] [process-manager] Stopping Next.js App...
[2025-07-03T16:45:37.950Z] [INFO] [process-manager] Stopping Next.js App...
[2025-07-03T16:45:37.950Z] [INFO] [process-manager] Stopping Next.js App...
[2025-07-03T16:45:37.950Z] [INFO] [process-manager] Stopping Next.js App...
[2025-07-03T16:45:37.950Z] [INFO] [process-manager] Stopping Next.js App...
[2025-07-03T16:45:37.951Z] [INFO] [process-manager] Stopping Next.js App...
[2025-07-03T16:45:37.951Z] [INFO] [process-manager] Stopping Next.js App...
[2025-07-03T16:45:37.951Z] [INFO] [process-manager] Stopping Next.js App...
[2025-07-03T16:45:37.951Z] [INFO] [process-manager] Stopping Next.js App...
[2025-07-03T16:45:37.951Z] [INFO] [process-manager] Stopping Next.js App...
[2025-07-03T16:45:37.951Z] [INFO] [process-manager] Stopping Next.js App...
[2025-07-03T16:45:37.951Z] [INFO] [process-manager] Stopping Next.js App...
[2025-07-03T16:45:37.951Z] [INFO] [process-manager] Stopping Next.js App...
[2025-07-03T16:45:37.951Z] [INFO] [process-manager] Stopping Next.js App...
[2025-07-03T16:45:37.951Z] [INFO] [process-manager] Stopping Next.js App...
[2025-07-03T16:45:37.951Z] [INFO] [process-manager] Stopping Next.js App...
[2025-07-03T16:45:37.952Z] [INFO] [process-manager] Stopping Next.js App...
[2025-07-03T16:45:37.952Z] [INFO] [process-manager] Stopping Next.js App...
[2025-07-03T16:45:37.952Z] [INFO] [process-manager] Stopping Next.js App...
[2025-07-03T16:45:37.952Z] [INFO] [process-manager] Stopping Next.js App...
[2025-07-03T16:45:37.952Z] [INFO] [process-manager] Stopping Next.js App...
[2025-07-03T16:45:37.952Z] [INFO] [process-manager] Stopping Next.js App...
[2025-07-03T16:45:37.952Z] [INFO] [process-manager] Stopping Next.js App...
[2025-07-03T16:45:37.952Z] [INFO] [process-manager] Stopping Next.js App...
[2025-07-03T16:45:37.952Z] [INFO] [process-manager] Stopping Next.js App...
[2025-07-03T16:45:37.952Z] [INFO] [process-manager] Stopping Next.js App...
[2025-07-03T16:45:37.952Z] [INFO] [process-manager] Stopping Next.js App...
[2025-07-03T16:45:37.953Z] [INFO] [process-manager] Stopping Next.js App...
[2025-07-03T16:45:37.953Z] [INFO] [process-manager] Stopping Next.js App...
[2025-07-03T16:45:37.953Z] [INFO] [process-manager] Stopping Next.js App...
[2025-07-03T16:45:37.953Z] [INFO] [process-manager] Stopping Next.js App...
[2025-07-03T16:45:37.953Z] [INFO] [process-manager] Stopping Next.js App...
[2025-07-03T16:45:37.953Z] [INFO] [process-manager] Stopping Next.js App...
[2025-07-03T16:45:37.953Z] [INFO] [process-manager] Stopping Next.js App...
[2025-07-03T16:45:37.953Z] [INFO] [process-manager] Stopping Next.js App...
[2025-07-03T16:45:37.953Z] [INFO] [process-manager] Stopping Next.js App...
[2025-07-03T16:45:37.953Z] [INFO] [process-manager] Stopping Next.js App...
[2025-07-03T16:45:37.953Z] [INFO] [process-manager] Stopping Next.js App...
[2025-07-03T16:45:37.954Z] [INFO] [process-manager] Stopping Next.js App...
[2025-07-03T16:45:37.954Z] [INFO] [process-manager] Stopping Next.js App...
[2025-07-03T16:45:37.954Z] [INFO] [process-manager] Stopping Next.js App...
[2025-07-03T16:45:37.954Z] [INFO] [process-manager] Stopping Next.js App...
[2025-07-03T16:45:37.954Z] [INFO] [process-manager] Stopping Next.js App...
[2025-07-03T16:45:37.954Z] [INFO] [process-manager] Stopping Next.js App...
[2025-07-03T16:45:37.954Z] [INFO] [process-manager] Stopping Next.js App...
[2025-07-03T16:45:37.954Z] [INFO] [process-manager] Stopping Next.js App...
[2025-07-03T16:45:37.955Z] [INFO] [process-manager] Stopping Next.js App...
[2025-07-03T16:45:37.955Z] [INFO] [process-manager] Stopping Next.js App...
[2025-07-03T16:45:37.955Z] [INFO] [process-manager] Stopping Next.js App...
[2025-07-03T16:45:37.955Z] [INFO] [process-manager] Stopping Next.js App...
[2025-07-03T16:45:37.955Z] [INFO] [process-manager] Stopping Next.js App...
[2025-07-03T16:45:37.956Z] [INFO] [process-manager] Stopping Next.js App...
[2025-07-03T16:45:37.956Z] [INFO] [process-manager] Stopping Next.js App...
[2025-07-03T16:45:37.956Z] [INFO] [process-manager] Stopping Next.js App...
[2025-07-03T16:45:37.956Z] [INFO] [process-manager] Stopping Next.js App...
[2025-07-03T16:45:37.956Z] [INFO] [process-manager] Stopping Next.js App...
[2025-07-03T16:45:37.956Z] [INFO] [process-manager] Stopping Next.js App...
[2025-07-03T16:45:37.956Z] [INFO] [process-manager] Stopping Next.js App...
[2025-07-03T16:45:37.956Z] [INFO] [process-manager] Stopping Next.js App...
[2025-07-03T16:45:37.956Z] [INFO] [process-manager] Stopping Next.js App...
[2025-07-03T16:45:37.956Z] [INFO] [process-manager] Stopping Next.js App...
[2025-07-03T16:45:37.956Z] [INFO] [process-manager] Stopping Next.js App...
[2025-07-03T16:45:37.956Z] [INFO] [process-manager] Stopping Next.js App...
[2025-07-03T16:45:37.957Z] [INFO] [process-manager] Stopping Next.js App...
[2025-07-03T16:45:37.957Z] [INFO] [process-manager] Stopping Next.js App...
[2025-07-03T16:45:37.957Z] [INFO] [process-manager] Stopping Next.js App...
[2025-07-03T16:45:37.957Z] [INFO] [process-manager] Stopping Next.js App...
[2025-07-03T16:45:37.957Z] [INFO] [process-manager] Stopping Next.js App...
[2025-07-03T16:45:37.957Z] [INFO] [process-manager] Stopping Next.js App...
[2025-07-03T16:45:37.957Z] [INFO] [process-manager] Stopping Next.js App...
[2025-07-03T16:45:37.957Z] [INFO] [process-manager] Stopping Next.js App...
[2025-07-03T16:45:37.957Z] [INFO] [process-manager] Stopping Next.js App...
[2025-07-03T16:45:37.957Z] [INFO] [process-manager] Stopping Next.js App...
[2025-07-03T16:45:37.958Z] [INFO] [process-manager] Stopping Next.js App...
[2025-07-03T16:45:37.958Z] [INFO] [process-manager] Stopping Next.js App...
[2025-07-03T16:45:37.959Z] [INFO] [process-manager] Stopping Next.js App...
[2025-07-03T16:45:37.959Z] [INFO] [process-manager] Stopping Next.js App...
[2025-07-03T16:45:37.960Z] [INFO] [process-manager] Stopping Next.js App...
[2025-07-03T16:45:37.960Z] [INFO] [process-manager] Stopping Next.js App...
[2025-07-03T16:45:37.960Z] [INFO] [process-manager] Stopping Next.js App...
[2025-07-03T16:45:37.960Z] [INFO] [process-manager] Stopping Next.js App...
[2025-07-03T16:45:37.960Z] [INFO] [process-manager] Stopping Next.js App...
[2025-07-03T16:45:37.960Z] [INFO] [process-manager] Stopping Next.js App...
[2025-07-03T16:45:37.960Z] [INFO] [process-manager] Stopping Next.js App...
[2025-07-03T16:45:37.960Z] [INFO] [process-manager] Stopping Next.js App...
[2025-07-03T16:45:37.960Z] [INFO] [process-manager] Stopping Next.js App...
[2025-07-03T16:45:37.960Z] [INFO] [process-manager] Stopping Next.js App...
[2025-07-03T16:45:37.960Z] [INFO] [process-manager] Stopping Next.js App...
[2025-07-03T16:45:37.960Z] [INFO] [process-manager] Stopping Next.js App...
[2025-07-03T16:45:37.960Z] [INFO] [process-manager] Stopping Next.js App...
[2025-07-03T16:45:37.961Z] [INFO] [process-manager] Stopping Next.js App...
[2025-07-03T16:45:37.961Z] [INFO] [process-manager] Stopping Next.js App...
[2025-07-03T16:45:37.961Z] [INFO] [process-manager] Stopping Next.js App...
[2025-07-03T16:45:37.961Z] [INFO] [process-manager] Stopping Next.js App...
[2025-07-03T16:45:37.961Z] [INFO] [process-manager] Stopping Next.js App...
[2025-07-03T16:45:37.961Z] [INFO] [process-manager] Stopping Next.js App...
[2025-07-03T16:45:37.961Z] [INFO] [process-manager] Stopping Next.js App...
[2025-07-03T16:45:37.961Z] [INFO] [process-manager] Stopping Next.js App...
[2025-07-03T16:45:37.961Z] [WARN] [process-manager] Next.js App exited with code null (signal: SIGTERM)
[2025-07-03T16:45:45.393Z] [INFO] [process-manager] Received SIGINT, shutting down...
[2025-07-03T16:45:45.394Z] [INFO] [process-manager] Stopping Sanity Studio...
[2025-07-03T16:45:45.394Z] [INFO] [process-manager] Received SIGINT, shutting down...
[2025-07-03T16:45:45.394Z] [INFO] [process-manager] Stopping Sanity Studio...
[2025-07-03T16:45:45.398Z] [WARN] [process-manager] Sanity Studio exited with code null (signal: SIGTERM)
[2025-07-03T16:45:45.398Z] [INFO] [process-manager] Sanity Studio stopped
[2025-07-03T16:45:45.398Z] [INFO] [process-manager] Sanity Studio stopped
[2025-07-03T16:46:07.850Z] [INFO] [process-manager] Starting Storybook...
[2025-07-03T16:46:09.870Z] [INFO] [process-manager] Storybook started successfully (PID: 8402)
[2025-07-03T16:46:09.870Z] [INFO] [process-manager] Starting Sanity Studio...
[2025-07-03T16:46:11.898Z] [INFO] [process-manager] Sanity Studio started successfully (PID: 8516)
[2025-07-03T16:46:11.899Z] [INFO] [process-manager] Starting Next.js App...
[2025-07-03T16:46:17.027Z] [INFO] [process-manager] Next.js App started successfully (PID: 8616)
[2025-07-03T19:07:52.294Z] [WARN] [process-manager] Next.js App is unhealthy: Request timeout
[2025-07-03T19:08:17.793Z] [INFO] [process-manager] Next.js App is healthy again
[2025-07-03T22:45:48.166Z] [WARN] [process-manager] Next.js App is unhealthy: HTTP 500
[2025-07-03T22:46:00.326Z] [INFO] [process-manager] Storybook is already running (PID: 8402)
[2025-07-03T22:46:00.327Z] [INFO] [process-manager] Sanity Studio is already running (PID: 8516)
[2025-07-03T22:46:00.327Z] [INFO] [process-manager] Next.js App is already running (PID: 8616)
[2025-07-03T22:46:06.728Z] [WARN] [process-manager] Sanity Studio exited with code null (signal: SIGKILL)
[2025-07-03T22:46:07.004Z] [WARN] [process-manager] Next.js App exited with code 0 (signal: null)
[2025-07-03T22:46:42.985Z] [INFO] [process-manager] Storybook is already running (PID: 8402)
[2025-07-03T22:46:42.986Z] [INFO] [process-manager] Starting Sanity Studio...
[2025-07-03T22:46:45.030Z] [INFO] [process-manager] Sanity Studio started successfully (PID: 89639)
[2025-07-03T22:46:45.030Z] [INFO] [process-manager] Starting Next.js App...
[2025-07-03T22:47:18.968Z] [ERROR] [process-manager] Failed to start Next.js App: Max health check attempts reached
[2025-07-03T22:47:18.968Z] [INFO] [process-manager] Stopping Next.js App...
[2025-07-03T22:47:19.076Z] [WARN] [process-manager] Next.js App exited with code 0 (signal: null)
[2025-07-03T22:47:19.076Z] [INFO] [process-manager] Next.js App stopped
[2025-07-03T22:48:09.672Z] [INFO] [process-manager] Storybook is already running (PID: 8402)
[2025-07-03T22:48:10.675Z] [INFO] [process-manager] Starting Sanity Studio...
[2025-07-03T22:48:10.696Z] [INFO] [process-manager] Sanity Studio started successfully (PID: 92882)
[2025-07-03T22:48:11.698Z] [INFO] [process-manager] Starting Next.js App...
[2025-07-03T22:48:11.956Z] [WARN] [process-manager] Next.js App exited with code 1 (signal: null)
[2025-07-03T22:48:12.653Z] [WARN] [process-manager] Sanity Studio exited with code 1 (signal: null)
[2025-07-03T22:48:40.729Z] [ERROR] [process-manager] Failed to start Next.js App: Max health check attempts reached
[2025-07-03T22:48:40.730Z] [INFO] [process-manager] Next.js App is not running
[2025-07-03T22:51:13.725Z] [INFO] [process-manager] Storybook is already running (PID: 8402)
[2025-07-03T22:51:13.726Z] [INFO] [process-manager] Starting Sanity Studio...
[2025-07-03T22:51:13.748Z] [INFO] [process-manager] Sanity Studio started successfully (PID: 99848)
[2025-07-03T22:51:13.749Z] [INFO] [process-manager] Starting Next.js App...
[2025-07-03T22:51:15.676Z] [WARN] [process-manager] Sanity Studio exited with code 1 (signal: null)
[2025-07-03T22:51:28.799Z] [INFO] [process-manager] Received SIGINT, shutting down...
[2025-07-03T22:51:28.800Z] [INFO] [process-manager] Stopping Next.js App...
[2025-07-03T22:51:28.802Z] [INFO] [process-manager] Received SIGINT, shutting down...
[2025-07-03T22:51:28.802Z] [INFO] [process-manager] Stopping Next.js App...
[2025-07-03T22:51:28.811Z] [WARN] [process-manager] Next.js App exited with code null (signal: SIGTERM)
[2025-07-03T22:51:28.812Z] [INFO] [process-manager] Next.js App stopped
[2025-07-03T22:51:28.812Z] [INFO] [process-manager] Next.js App stopped
[2025-07-03T23:03:24.069Z] [WARN] [process-manager] Storybook exited with code 0 (signal: null)
