No projects matched the filters in "/Users/nicholaslewis/projects/sanity"
[2025-07-03T12:54:10.671Z] [INFO] [storybook] No projects matched the filters in "/Users/nicholaslewis/projects/sanity"

> @workspace/ui@0.0.0 storybook /Users/nicholaslewis/projects/sanity/packages/ui
> node scripts/storybook-background.js

[2025-07-03T12:57:36.674Z] [INFO] [storybook] > @workspace/ui@0.0.0 storybook /Users/nicholaslewis/projects/sanity/packages/ui
[2025-07-03T12:57:36.675Z] [INFO] [storybook] > node scripts/storybook-background.js
✓ Port 6006 is free
[2025-07-03T12:57:36.742Z] [INFO] [storybook] ✓ Port 6006 is free
Starting Storybook on port 6006...
[2025-07-03T12:57:36.743Z] [INFO] [storybook] Starting Storybook on port 6006...
[2025-07-03T12:57:36.743Z] [INFO] [storybook] Logs will be written to: /Users/nicholaslewis/projects/sanity/packages/ui/storybook.log
Logs will be written to: /Users/nicholaslewis/projects/sanity/packages/ui/storybook.log
✅ Storybook started successfully with PID: 36987
✅ Access Storybook at: http://localhost:6006

Commands:
  View logs: pnpm storybook:logs
  Stop: pnpm storybook:stop
[2025-07-03T12:57:38.225Z] [INFO] [storybook] ✅ Storybook started successfully with PID: 36987
[2025-07-03T12:57:38.225Z] [INFO] [storybook] ✅ Access Storybook at: http://localhost:6006
[2025-07-03T12:57:38.226Z] [INFO] [storybook] Commands:
[2025-07-03T12:57:38.226Z] [INFO] [storybook] View logs: pnpm storybook:logs
[2025-07-03T12:57:38.226Z] [INFO] [storybook] Stop: pnpm storybook:stop

> @workspace/ui@0.0.0 storybook /Users/nicholaslewis/projects/sanity/packages/ui
> node scripts/storybook-background.js

[2025-07-03T13:00:52.819Z] [INFO] [storybook] > @workspace/ui@0.0.0 storybook /Users/nicholaslewis/projects/sanity/packages/ui
[2025-07-03T13:00:52.820Z] [INFO] [storybook] > node scripts/storybook-background.js
✓ Port 6006 is free
[2025-07-03T13:00:52.882Z] [INFO] [storybook] ✓ Port 6006 is free
[2025-07-03T13:00:52.883Z] [INFO] [storybook] Starting Storybook on port 6006...
[2025-07-03T13:00:52.883Z] [INFO] [storybook] Logs will be written to: /Users/nicholaslewis/projects/sanity/packages/ui/storybook.log
Starting Storybook on port 6006...
Logs will be written to: /Users/nicholaslewis/projects/sanity/packages/ui/storybook.log
✅ Storybook started successfully with PID: 76548
[2025-07-03T13:00:54.267Z] [INFO] [storybook] ✅ Storybook started successfully with PID: 76548
[2025-07-03T13:00:54.267Z] [INFO] [storybook] ✅ Access Storybook at: http://localhost:6006
[2025-07-03T13:00:54.267Z] [INFO] [storybook] Commands:
[2025-07-03T13:00:54.267Z] [INFO] [storybook] View logs: pnpm storybook:logs
[2025-07-03T13:00:54.267Z] [INFO] [storybook] Stop: pnpm storybook:stop
✅ Access Storybook at: http://localhost:6006

Commands:
  View logs: pnpm storybook:logs
  Stop: pnpm storybook:stop

> @workspace/ui@0.0.0 storybook /Users/nicholaslewis/projects/sanity/packages/ui
> storybook dev -p 6006

[2025-07-03T13:14:27.357Z] [INFO] [storybook] > @workspace/ui@0.0.0 storybook /Users/nicholaslewis/projects/sanity/packages/ui
[2025-07-03T13:14:27.357Z] [INFO] [storybook] > storybook dev -p 6006
@storybook/core v8.6.14

[2025-07-03T13:14:27.626Z] [INFO] [storybook] @storybook/core v8.6.14
info => Starting manager..
[2025-07-03T13:14:28.131Z] [INFO] [storybook] info => Starting manager..
WARN No story files found for the specified pattern: src/**/*.mdx
[2025-07-03T13:14:28.143Z] [INFO] [storybook] WARN No story files found for the specified pattern: src/**/*.mdx
info => Starting preview..
[2025-07-03T13:14:28.364Z] [INFO] [storybook] info => Starting preview..
info Using tsconfig paths for react-docgen
[2025-07-03T13:14:28.623Z] [INFO] [storybook] info Using tsconfig paths for react-docgen
╭─────────────────────────────────────────────────────────────────────╮
│                                                                     │
│   [38;2;162;224;94mStorybook 8.6.14 for react-vite started[39m                           │
│   233 ms for manager and 278 ms for preview                         │
│                                                                     │
│   Local:            http://localhost:6006/                          │
│   On your network:  http://192.168.68.68:6006/                      │
│                                                                     │
│   [38;2;243;173;56mA new version (9.0.15) is available![39m                              │
│                                                                     │
│   Upgrade now: [38;2;162;224;94mnpx storybook@latest upgrade[39m                         │
│                                                                     │
│   Read full changelog:                                              │
│   https://github.com/storybookjs/storybook/blob/main/CHANGELOG.md   │
│                                                                     │
╰─────────────────────────────────────────────────────────────────────╯
[2025-07-03T13:14:28.648Z] [INFO] [storybook] ╭─────────────────────────────────────────────────────────────────────╮
[2025-07-03T13:14:28.649Z] [INFO] [storybook] │                                                                     │
[2025-07-03T13:14:28.649Z] [INFO] [storybook] │   [38;2;162;224;94mStorybook 8.6.14 for react-vite started[39m                           │
[2025-07-03T13:14:28.649Z] [INFO] [storybook] │   233 ms for manager and 278 ms for preview                         │
[2025-07-03T13:14:28.649Z] [INFO] [storybook] │                                                                     │
[2025-07-03T13:14:28.649Z] [INFO] [storybook] │   Local:            http://localhost:6006/                          │
[2025-07-03T13:14:28.649Z] [INFO] [storybook] │   On your network:  http://192.168.68.68:6006/                      │
[2025-07-03T13:14:28.649Z] [INFO] [storybook] │                                                                     │
[2025-07-03T13:14:28.649Z] [INFO] [storybook] │   [38;2;243;173;56mA new version (9.0.15) is available![39m                              │
[2025-07-03T13:14:28.649Z] [INFO] [storybook] │                                                                     │
[2025-07-03T13:14:28.649Z] [INFO] [storybook] │   Upgrade now: [38;2;162;224;94mnpx storybook@latest upgrade[39m                         │
[2025-07-03T13:14:28.649Z] [INFO] [storybook] │                                                                     │
[2025-07-03T13:14:28.649Z] [INFO] [storybook] │   Read full changelog:                                              │
[2025-07-03T13:14:28.649Z] [INFO] [storybook] │   https://github.com/storybookjs/storybook/blob/main/CHANGELOG.md   │
[2025-07-03T13:14:28.649Z] [INFO] [storybook] │                                                                     │
[2025-07-03T13:14:28.649Z] [INFO] [storybook] ╰─────────────────────────────────────────────────────────────────────╯

> @workspace/ui@0.0.0 storybook /Users/nicholaslewis/projects/sanity/packages/ui
> storybook dev -p 6006

[2025-07-03T16:03:39.472Z] [INFO] [storybook] > @workspace/ui@0.0.0 storybook /Users/nicholaslewis/projects/sanity/packages/ui
[2025-07-03T16:03:39.472Z] [INFO] [storybook] > storybook dev -p 6006
@storybook/core v8.6.14

[2025-07-03T16:03:39.765Z] [INFO] [storybook] @storybook/core v8.6.14
info => Starting manager..
[2025-07-03T16:03:40.304Z] [INFO] [storybook] info => Starting manager..
WARN No story files found for the specified pattern: src/**/*.mdx
[2025-07-03T16:03:40.317Z] [INFO] [storybook] WARN No story files found for the specified pattern: src/**/*.mdx
info => Starting preview..
[2025-07-03T16:03:40.545Z] [INFO] [storybook] info => Starting preview..
info Using tsconfig paths for react-docgen
[2025-07-03T16:03:40.832Z] [INFO] [storybook] info Using tsconfig paths for react-docgen
╭─────────────────────────────────────────────────────────────────────╮
│                                                                     │
│   [38;2;162;224;94mStorybook 8.6.14 for react-vite started[39m                           │
│   241 ms for manager and 308 ms for preview                         │
│                                                                     │
│   Local:            http://localhost:6006/                          │
│   On your network:  http://192.168.68.68:6006/                      │
│                                                                     │
│   [38;2;243;173;56mA new version (9.0.15) is available![39m                              │
│                                                                     │
│   Upgrade now: [38;2;162;224;94mnpx storybook@latest upgrade[39m                         │
│                                                                     │
│   Read full changelog:                                              │
│   https://github.com/storybookjs/storybook/blob/main/CHANGELOG.md   │
│                                                                     │
╰─────────────────────────────────────────────────────────────────────╯
[2025-07-03T16:03:40.859Z] [INFO] [storybook] ╭─────────────────────────────────────────────────────────────────────╮
[2025-07-03T16:03:40.859Z] [INFO] [storybook] │                                                                     │
[2025-07-03T16:03:40.859Z] [INFO] [storybook] │   [38;2;162;224;94mStorybook 8.6.14 for react-vite started[39m                           │
[2025-07-03T16:03:40.859Z] [INFO] [storybook] │   241 ms for manager and 308 ms for preview                         │
[2025-07-03T16:03:40.859Z] [INFO] [storybook] │                                                                     │
[2025-07-03T16:03:40.859Z] [INFO] [storybook] │   Local:            http://localhost:6006/                          │
[2025-07-03T16:03:40.859Z] [INFO] [storybook] │   On your network:  http://192.168.68.68:6006/                      │
[2025-07-03T16:03:40.859Z] [INFO] [storybook] │                                                                     │
[2025-07-03T16:03:40.859Z] [INFO] [storybook] │   [38;2;243;173;56mA new version (9.0.15) is available![39m                              │
[2025-07-03T16:03:40.859Z] [INFO] [storybook] │                                                                     │
[2025-07-03T16:03:40.859Z] [INFO] [storybook] │   Upgrade now: [38;2;162;224;94mnpx storybook@latest upgrade[39m                         │
[2025-07-03T16:03:40.859Z] [INFO] [storybook] │                                                                     │
[2025-07-03T16:03:40.859Z] [INFO] [storybook] │   Read full changelog:                                              │
[2025-07-03T16:03:40.859Z] [INFO] [storybook] │   https://github.com/storybookjs/storybook/blob/main/CHANGELOG.md   │
[2025-07-03T16:03:40.859Z] [INFO] [storybook] │                                                                     │
[2025-07-03T16:03:40.859Z] [INFO] [storybook] ╰─────────────────────────────────────────────────────────────────────╯
12:17:08 PM [vite] (client) hmr update /@id/__x00__virtual:/@storybook/builder-vite/vite-app.js
[2025-07-03T16:17:08.362Z] [INFO] [storybook] 12:17:08 PM [vite] (client) hmr update /@id/__x00__virtual:/@storybook/builder-vite/vite-app.js
12:18:49 PM [vite] (client) hmr update /@id/__x00__virtual:/@storybook/builder-vite/vite-app.js
[2025-07-03T16:18:49.379Z] [INFO] [storybook] 12:18:49 PM [vite] (client) hmr update /@id/__x00__virtual:/@storybook/builder-vite/vite-app.js
12:22:02 PM [vite] (client) hmr update /@id/__x00__virtual:/@storybook/builder-vite/vite-app.js
[2025-07-03T16:22:02.989Z] [INFO] [storybook] 12:22:02 PM [vite] (client) hmr update /@id/__x00__virtual:/@storybook/builder-vite/vite-app.js

> @workspace/ui@0.0.0 storybook /Users/nicholaslewis/projects/sanity/packages/ui
> storybook dev -p 6006

[2025-07-03T16:33:23.522Z] [INFO] [storybook] > @workspace/ui@0.0.0 storybook /Users/nicholaslewis/projects/sanity/packages/ui
[2025-07-03T16:33:23.523Z] [INFO] [storybook] > storybook dev -p 6006
@storybook/core v8.6.14

[2025-07-03T16:33:23.790Z] [INFO] [storybook] @storybook/core v8.6.14
info => Starting manager..
[2025-07-03T16:33:24.309Z] [INFO] [storybook] info => Starting manager..
WARN[2025-07-03T16:33:24.319Z] [INFO] [storybook] WARN
[2025-07-03T16:33:24.319Z] [INFO] [storybook] No story files found for the specified pattern: src/**/*.mdx
 No story files found for the specified pattern: src/**/*.mdx
info => Starting preview..
[2025-07-03T16:33:24.564Z] [INFO] [storybook] info => Starting preview..
info Using tsconfig paths for react-docgen
[2025-07-03T16:33:24.823Z] [INFO] [storybook] info Using tsconfig paths for react-docgen
╭─────────────────────────────────────────────────────────────────────╮
│                                                                     │
│   [38;2;162;224;94mStorybook 8.6.14 for react-vite started[39m                           │
│   256 ms for manager and 284 ms for preview                         │
│                                                                     │
│   Local:            http://localhost:6006/                          │
│   On your network:  http://192.168.68.68:6006/                      │
│                                                                     │
│   [38;2;243;173;56mA new version (9.0.15) is available![39m                              │
│                                                                     │
│   Upgrade now: [38;2;162;224;94mnpx storybook@latest upgrade[39m                         │
│                                                                     │
│   Read full changelog:                                              │
│   https://github.com/storybookjs/storybook/blob/main/CHANGELOG.md   │
│                                                                     │
╰─────────────────────────────────────────────────────────────────────╯
[2025-07-03T16:33:24.853Z] [INFO] [storybook] ╭─────────────────────────────────────────────────────────────────────╮
[2025-07-03T16:33:24.853Z] [INFO] [storybook] │                                                                     │
[2025-07-03T16:33:24.854Z] [INFO] [storybook] │   [38;2;162;224;94mStorybook 8.6.14 for react-vite started[39m                           │
[2025-07-03T16:33:24.854Z] [INFO] [storybook] │   256 ms for manager and 284 ms for preview                         │
[2025-07-03T16:33:24.854Z] [INFO] [storybook] │                                                                     │
[2025-07-03T16:33:24.854Z] [INFO] [storybook] │   Local:            http://localhost:6006/                          │
[2025-07-03T16:33:24.854Z] [INFO] [storybook] │   On your network:  http://192.168.68.68:6006/                      │
[2025-07-03T16:33:24.854Z] [INFO] [storybook] │                                                                     │
[2025-07-03T16:33:24.854Z] [INFO] [storybook] │   [38;2;243;173;56mA new version (9.0.15) is available![39m                              │
[2025-07-03T16:33:24.854Z] [INFO] [storybook] │                                                                     │
[2025-07-03T16:33:24.854Z] [INFO] [storybook] │   Upgrade now: [38;2;162;224;94mnpx storybook@latest upgrade[39m                         │
[2025-07-03T16:33:24.854Z] [INFO] [storybook] │                                                                     │
[2025-07-03T16:33:24.854Z] [INFO] [storybook] │   Read full changelog:                                              │
[2025-07-03T16:33:24.854Z] [INFO] [storybook] │   https://github.com/storybookjs/storybook/blob/main/CHANGELOG.md   │
[2025-07-03T16:33:24.854Z] [INFO] [storybook] │                                                                     │
[2025-07-03T16:33:24.854Z] [INFO] [storybook] ╰─────────────────────────────────────────────────────────────────────╯

> @workspace/ui@0.0.0 storybook /Users/nicholaslewis/projects/sanity/packages/ui
> storybook dev -p 6006

[2025-07-03T16:36:30.737Z] [INFO] [storybook] > @workspace/ui@0.0.0 storybook /Users/nicholaslewis/projects/sanity/packages/ui
[2025-07-03T16:36:30.738Z] [INFO] [storybook] > storybook dev -p 6006
@storybook/core v8.6.14

[2025-07-03T16:36:31.011Z] [INFO] [storybook] @storybook/core v8.6.14
info => Starting manager..
[2025-07-03T16:36:31.471Z] [INFO] [storybook] info => Starting manager..
WARN No story files found for the specified pattern: src/**/*.mdx
[2025-07-03T16:36:31.482Z] [INFO] [storybook] WARN No story files found for the specified pattern: src/**/*.mdx
info => Starting preview..
[2025-07-03T16:36:31.712Z] [INFO] [storybook] info => Starting preview..
info Using tsconfig paths for react-docgen
[2025-07-03T16:36:31.953Z] [INFO] [storybook] info Using tsconfig paths for react-docgen
╭─────────────────────────────────────────────────────────────────────╮
│                                                                     │
│   [38;2;162;224;94mStorybook 8.6.14 for react-vite started[39m                           │
│   242 ms for manager and 262 ms for preview                         │
│                                                                     │
│   Local:            http://localhost:6006/                          │
│   On your network:  http://192.168.68.68:6006/                      │
│                                                                     │
│   [38;2;243;173;56mA new version (9.0.15) is available![39m                              │
│                                                                     │
│   Upgrade now: [38;2;162;224;94mnpx storybook@latest upgrade[39m                         │
│                                                                     │
│   Read full changelog:                                              │
│   https://github.com/storybookjs/storybook/blob/main/CHANGELOG.md   │
│                                                                     │
╰─────────────────────────────────────────────────────────────────────╯
[2025-07-03T16:36:31.980Z] [INFO] [storybook] ╭─────────────────────────────────────────────────────────────────────╮
[2025-07-03T16:36:31.981Z] [INFO] [storybook] │                                                                     │
[2025-07-03T16:36:31.981Z] [INFO] [storybook] │   [38;2;162;224;94mStorybook 8.6.14 for react-vite started[39m                           │
[2025-07-03T16:36:31.981Z] [INFO] [storybook] │   242 ms for manager and 262 ms for preview                         │
[2025-07-03T16:36:31.981Z] [INFO] [storybook] │                                                                     │
[2025-07-03T16:36:31.981Z] [INFO] [storybook] │   Local:            http://localhost:6006/                          │
[2025-07-03T16:36:31.981Z] [INFO] [storybook] │   On your network:  http://192.168.68.68:6006/                      │
[2025-07-03T16:36:31.981Z] [INFO] [storybook] │                                                                     │
[2025-07-03T16:36:31.981Z] [INFO] [storybook] │   [38;2;243;173;56mA new version (9.0.15) is available![39m                              │
[2025-07-03T16:36:31.981Z] [INFO] [storybook] │                                                                     │
[2025-07-03T16:36:31.981Z] [INFO] [storybook] │   Upgrade now: [38;2;162;224;94mnpx storybook@latest upgrade[39m                         │
[2025-07-03T16:36:31.981Z] [INFO] [storybook] │                                                                     │
[2025-07-03T16:36:31.981Z] [INFO] [storybook] │   Read full changelog:                                              │
[2025-07-03T16:36:31.981Z] [INFO] [storybook] │   https://github.com/storybookjs/storybook/blob/main/CHANGELOG.md   │
[2025-07-03T16:36:31.981Z] [INFO] [storybook] │                                                                     │
[2025-07-03T16:36:31.981Z] [INFO] [storybook] ╰─────────────────────────────────────────────────────────────────────╯

> @workspace/ui@0.0.0 storybook /Users/nicholaslewis/projects/sanity/packages/ui
> storybook dev -p 6006

[2025-07-03T16:42:59.367Z] [INFO] [storybook] > @workspace/ui@0.0.0 storybook /Users/nicholaslewis/projects/sanity/packages/ui
[2025-07-03T16:42:59.367Z] [INFO] [storybook] > storybook dev -p 6006
@storybook/core v8.6.14

[2025-07-03T16:42:59.791Z] [INFO] [storybook] @storybook/core v8.6.14
info => Starting manager..
[2025-07-03T16:43:00.279Z] [INFO] [storybook] info => Starting manager..
WARN No story files found for the specified pattern: src/**/*.mdx
[2025-07-03T16:43:00.291Z] [INFO] [storybook] WARN No story files found for the specified pattern: src/**/*.mdx
info => Starting preview..
[2025-07-03T16:43:00.520Z] [INFO] [storybook] info => Starting preview..
info Using tsconfig paths for react-docgen
[2025-07-03T16:43:00.752Z] [INFO] [storybook] info Using tsconfig paths for react-docgen
12:43:00 PM [vite] (client) Re-optimizing dependencies because lockfile has changed
[2025-07-03T16:43:00.782Z] [INFO] [storybook] 12:43:00 PM [vite] (client) Re-optimizing dependencies because lockfile has changed
╭─────────────────────────────────────────────────────────────────────╮
│                                                                     │
│   [38;2;162;224;94mStorybook 8.6.14 for react-vite started[39m                           │
│   241 ms for manager and 282 ms for preview                         │
│                                                                     │
│   Local:            http://localhost:6006/                          │
│   On your network:  http://192.168.68.68:6006/                      │
│                                                                     │
│   [38;2;243;173;56mA new version (9.0.15) is available![39m                              │
│                                                                     │
│   Upgrade now: [38;2;162;224;94mnpx storybook@latest upgrade[39m                         │
│                                                                     │
│   Read full changelog:                                              │
│   https://github.com/storybookjs/storybook/blob/main/CHANGELOG.md   │
│                                                                     │
╰─────────────────────────────────────────────────────────────────────╯
[2025-07-03T16:43:00.807Z] [INFO] [storybook] ╭─────────────────────────────────────────────────────────────────────╮
[2025-07-03T16:43:00.808Z] [INFO] [storybook] │                                                                     │
[2025-07-03T16:43:00.808Z] [INFO] [storybook] │   [38;2;162;224;94mStorybook 8.6.14 for react-vite started[39m                           │
[2025-07-03T16:43:00.808Z] [INFO] [storybook] │   241 ms for manager and 282 ms for preview                         │
[2025-07-03T16:43:00.808Z] [INFO] [storybook] │                                                                     │
[2025-07-03T16:43:00.808Z] [INFO] [storybook] │   Local:            http://localhost:6006/                          │
[2025-07-03T16:43:00.808Z] [INFO] [storybook] │   On your network:  http://192.168.68.68:6006/                      │
[2025-07-03T16:43:00.808Z] [INFO] [storybook] │                                                                     │
[2025-07-03T16:43:00.808Z] [INFO] [storybook] │   [38;2;243;173;56mA new version (9.0.15) is available![39m                              │
[2025-07-03T16:43:00.808Z] [INFO] [storybook] │                                                                     │
[2025-07-03T16:43:00.808Z] [INFO] [storybook] │   Upgrade now: [38;2;162;224;94mnpx storybook@latest upgrade[39m                         │
[2025-07-03T16:43:00.808Z] [INFO] [storybook] │                                                                     │
[2025-07-03T16:43:00.808Z] [INFO] [storybook] │   Read full changelog:                                              │
[2025-07-03T16:43:00.808Z] [INFO] [storybook] │   https://github.com/storybookjs/storybook/blob/main/CHANGELOG.md   │
[2025-07-03T16:43:00.808Z] [INFO] [storybook] │                                                                     │
[2025-07-03T16:43:00.808Z] [INFO] [storybook] ╰─────────────────────────────────────────────────────────────────────╯

> @workspace/ui@0.0.0 storybook /Users/nicholaslewis/projects/sanity/packages/ui
> storybook dev -p 6006

[2025-07-03T16:46:07.983Z] [INFO] [storybook] > @workspace/ui@0.0.0 storybook /Users/nicholaslewis/projects/sanity/packages/ui
[2025-07-03T16:46:07.983Z] [INFO] [storybook] > storybook dev -p 6006
@storybook/core v8.6.14

[2025-07-03T16:46:08.244Z] [INFO] [storybook] @storybook/core v8.6.14
info => Starting manager..
[2025-07-03T16:46:08.715Z] [INFO] [storybook] info => Starting manager..
WARN[2025-07-03T16:46:08.726Z] [INFO] [storybook] WARN
[2025-07-03T16:46:08.726Z] [INFO] [storybook] No story files found for the specified pattern: src/**/*.mdx
 No story files found for the specified pattern: src/**/*.mdx
info => Starting preview..
[2025-07-03T16:46:08.955Z] [INFO] [storybook] info => Starting preview..
info Using tsconfig paths for react-docgen
[2025-07-03T16:46:09.146Z] [INFO] [storybook] info Using tsconfig paths for react-docgen
╭─────────────────────────────────────────────────────────────────────╮
│                                                                     │
│   [38;2;162;224;94mStorybook 8.6.14 for react-vite started[39m                           │
│   240 ms for manager and 214 ms for preview                         │
│                                                                     │
│   Local:            http://localhost:6006/                          │
│   On your network:  http://192.168.68.68:6006/                      │
│                                                                     │
│   [38;2;243;173;56mA new version (9.0.15) is available![39m                              │
│                                                                     │
│   Upgrade now: [38;2;162;224;94mnpx storybook@latest upgrade[39m                         │
│                                                                     │
│   Read full changelog:                                              │
│   https://github.com/storybookjs/storybook/blob/main/CHANGELOG.md   │
│                                                                     │
╰─────────────────────────────────────────────────────────────────────╯
[2025-07-03T16:46:09.174Z] [INFO] [storybook] ╭─────────────────────────────────────────────────────────────────────╮
[2025-07-03T16:46:09.174Z] [INFO] [storybook] │                                                                     │
[2025-07-03T16:46:09.174Z] [INFO] [storybook] │   [38;2;162;224;94mStorybook 8.6.14 for react-vite started[39m                           │
[2025-07-03T16:46:09.174Z] [INFO] [storybook] │   240 ms for manager and 214 ms for preview                         │
[2025-07-03T16:46:09.174Z] [INFO] [storybook] │                                                                     │
[2025-07-03T16:46:09.175Z] [INFO] [storybook] │   Local:            http://localhost:6006/                          │
[2025-07-03T16:46:09.175Z] [INFO] [storybook] │   On your network:  http://192.168.68.68:6006/                      │
[2025-07-03T16:46:09.175Z] [INFO] [storybook] │                                                                     │
[2025-07-03T16:46:09.175Z] [INFO] [storybook] │   [38;2;243;173;56mA new version (9.0.15) is available![39m                              │
[2025-07-03T16:46:09.175Z] [INFO] [storybook] │                                                                     │
[2025-07-03T16:46:09.175Z] [INFO] [storybook] │   Upgrade now: [38;2;162;224;94mnpx storybook@latest upgrade[39m                         │
[2025-07-03T16:46:09.175Z] [INFO] [storybook] │                                                                     │
[2025-07-03T16:46:09.175Z] [INFO] [storybook] │   Read full changelog:                                              │
[2025-07-03T16:46:09.175Z] [INFO] [storybook] │   https://github.com/storybookjs/storybook/blob/main/CHANGELOG.md   │
[2025-07-03T16:46:09.175Z] [INFO] [storybook] │                                                                     │
[2025-07-03T16:46:09.175Z] [INFO] [storybook] ╰─────────────────────────────────────────────────────────────────────╯
turbo 2.5.4

  [31m×[0m No package found with name 'ui' in workspace

turbo 2.5.4

  [31m×[0m No package found with name 'ui' in workspace

turbo 2.5.4

  [31m×[0m No package found with name 'ui' in workspace

turbo 2.5.4

  [31m×[0m No package found with name 'ui' in workspace

turbo 2.5.4

  [31m×[0m No package found with name 'ui' in workspace

turbo 2.5.4

  [31m×[0m No package found with name 'ui' in workspace

